[    0.000000] Linux version 4.15.0-112-generic (buildd@lcy01-amd64-027) (gcc version 7.5.0 (Ubuntu 7.5.0-3ubuntu1~18.04)) #113-Ubuntu SMP Thu Jul 9 23:41:39 UTC 2020 (Ubuntu 4.15.0-112.113-generic 4.15.18)
[    0.000000] Command line: BOOT_IMAGE=/boot/vmlinuz-4.15.0-112-generic root=LABEL=cloudimg-rootfs ro console=tty1 console=ttyS0
[    0.000000] KERNEL supported cpus:
[    0.000000]   Intel GenuineIntel
[    0.000000]   AMD AuthenticAMD
[    0.000000]   Centaur CentaurHauls
[    0.000000] x86/fpu: Supporting XSAVE feature 0x001: 'x87 floating point registers'
[    0.000000] x86/fpu: Supporting XSAVE feature 0x002: 'SSE registers'
[    0.000000] x86/fpu: Supporting XSAVE feature 0x004: 'AVX registers'
[    0.000000] x86/fpu: xstate_offset[2]:  576, xstate_sizes[2]:  256
[    0.000000] x86/fpu: Enabled xstate features 0x7, context size is 832 bytes, using 'standard' format.
[    0.000000] e820: BIOS-provided physical RAM map:
[    0.000000] BIOS-e820: [mem 0x0000000000000000-0x000000000009fbff] usable
[    0.000000] BIOS-e820: [mem 0x000000000009fc00-0x000000000009ffff] reserved
[    0.000000] BIOS-e820: [mem 0x00000000000f0000-0x00000000000fffff] reserved
[    0.000000] BIOS-e820: [mem 0x0000000000100000-0x00000000aefeffff] usable
[    0.000000] BIOS-e820: [mem 0x00000000aeff0000-0x00000000aeffffff] ACPI data
[    0.000000] BIOS-e820: [mem 0x00000000fec00000-0x00000000fec00fff] reserved
[    0.000000] BIOS-e820: [mem 0x00000000fee00000-0x00000000fee00fff] reserved
[    0.000000] BIOS-e820: [mem 0x00000000fffc0000-0x00000000ffffffff] reserved
[    0.000000] NX (Execute Disable) protection: active
[    0.000000] SMBIOS 2.5 present.
[    0.000000] DMI: innotek GmbH VirtualBox/VirtualBox, BIOS VirtualBox 12/01/2006
[    0.000000] Hypervisor detected: KVM
[    0.000000] e820: last_pfn = 0xaeff0 max_arch_pfn = 0x400000000
[    0.000000] MTRR: Disabled
[    0.000000] x86/PAT: MTRRs disabled, skipping PAT initialization too.
[    0.000000] CPU MTRRs all blank - virtualized system.
[    0.000000] x86/PAT: Configuration [0-7]: WB  WT  UC- UC  WB  WT  UC- UC  
[    0.000000] found SMP MP-table at [mem 0x0009fff0-0x0009ffff]
[    0.000000] Scanning 1 areas for low memory corruption
[    0.000000] RAMDISK: [mem 0x35a69000-0x36d2bfff]
[    0.000000] ACPI: Early table checksum verification disabled
[    0.000000] ACPI: RSDP 0x00000000000E0000 000024 (v02 VBOX  )
[    0.000000] ACPI: XSDT 0x00000000AEFF0030 00003C (v01 VBOX   VBOXXSDT 00000001 ASL  00000061)
[    0.000000] ACPI: FACP 0x00000000AEFF00F0 0000F4 (v04 VBOX   VBOXFACP 00000001 ASL  00000061)
[    0.000000] ACPI: DSDT 0x00000000AEFF0470 0022EA (v02 VBOX   VBOXBIOS 00000002 INTL 20100528)
[    0.000000] ACPI: FACS 0x00000000AEFF0200 000040
[    0.000000] ACPI: FACS 0x00000000AEFF0200 000040
[    0.000000] ACPI: APIC 0x00000000AEFF0240 00005C (v02 VBOX   VBOXAPIC 00000001 ASL  00000061)
[    0.000000] ACPI: SSDT 0x00000000AEFF02A0 0001CC (v01 VBOX   VBOXCPUT 00000002 INTL 20100528)
[    0.000000] No NUMA configuration found
[    0.000000] Faking a node at [mem 0x0000000000000000-0x00000000aefeffff]
[    0.000000] NODE_DATA(0) allocated [mem 0xaefc5000-0xaefeffff]
[    0.000000] kvm-clock: cpu 0, msr 0:aef44001, primary cpu clock
[    0.000000] kvm-clock: Using msrs 4b564d01 and 4b564d00
[    0.000000] kvm-clock: using sched offset of 4420774493 cycles
[    0.000000] clocksource: kvm-clock: mask: 0xffffffffffffffff max_cycles: 0x1cd42e4dffb, max_idle_ns: 881590591483 ns
[    0.000000] Zone ranges:
[    0.000000]   DMA      [mem 0x0000000000001000-0x0000000000ffffff]
[    0.000000]   DMA32    [mem 0x0000000001000000-0x00000000aefeffff]
[    0.000000]   Normal   empty
[    0.000000]   Device   empty
[    0.000000] Movable zone start for each node
[    0.000000] Early memory node ranges
[    0.000000]   node   0: [mem 0x0000000000001000-0x000000000009efff]
[    0.000000]   node   0: [mem 0x0000000000100000-0x00000000aefeffff]
[    0.000000] Reserved but unavailable: 98 pages
[    0.000000] Initmem setup node 0 [mem 0x0000000000001000-0x00000000aefeffff]
[    0.000000] ACPI: PM-Timer IO Port: 0x4008
[    0.000000] IOAPIC[0]: apic_id 2, version 32, address 0xfec00000, GSI 0-23
[    0.000000] ACPI: INT_SRC_OVR (bus 0 bus_irq 0 global_irq 2 dfl dfl)
[    0.000000] ACPI: INT_SRC_OVR (bus 0 bus_irq 9 global_irq 9 low level)
[    0.000000] Using ACPI (MADT) for SMP configuration information
[    0.000000] smpboot: Allowing 2 CPUs, 0 hotplug CPUs
[    0.000000] PM: Registered nosave memory: [mem 0x00000000-0x00000fff]
[    0.000000] PM: Registered nosave memory: [mem 0x0009f000-0x0009ffff]
[    0.000000] PM: Registered nosave memory: [mem 0x000a0000-0x000effff]
[    0.000000] PM: Registered nosave memory: [mem 0x000f0000-0x000fffff]
[    0.000000] e820: [mem 0xaf000000-0xfebfffff] available for PCI devices
[    0.000000] Booting paravirtualized kernel on KVM
[    0.000000] clocksource: refined-jiffies: mask: 0xffffffff max_cycles: 0xffffffff, max_idle_ns: 7645519600211568 ns
[    0.000000] random: get_random_bytes called from start_kernel+0x99/0x500 with crng_init=0
[    0.000000] setup_percpu: NR_CPUS:8192 nr_cpumask_bits:2 nr_cpu_ids:2 nr_node_ids:1
[    0.000000] percpu: Embedded 45 pages/cpu s147456 r8192 d28672 u1048576
[    0.000000] PV qspinlock hash table entries: 256 (order: 0, 4096 bytes)
[    0.000000] Built 1 zonelists, mobility grouping on.  Total pages: 705465
[    0.000000] Policy zone: DMA32
[    0.000000] Kernel command line: BOOT_IMAGE=/boot/vmlinuz-4.15.0-112-generic root=LABEL=cloudimg-rootfs ro console=tty1 console=ttyS0
[    0.000000] Memory: 2772992K/2866744K available (12300K kernel code, 2481K rwdata, 4272K rodata, 2436K init, 2720K bss, 93752K reserved, 0K cma-reserved)
[    0.000000] SLUB: HWalign=64, Order=0-3, MinObjects=0, CPUs=2, Nodes=1
[    0.000000] Kernel/User page tables isolation: enabled
[    0.000000] ftrace: allocating 39378 entries in 154 pages
[    0.004000] Hierarchical RCU implementation.
[    0.004000] 	RCU restricting CPUs from NR_CPUS=8192 to nr_cpu_ids=2.
[    0.004000] 	Tasks RCU enabled.
[    0.004000] RCU: Adjusting geometry for rcu_fanout_leaf=16, nr_cpu_ids=2
[    0.004000] NR_IRQS: 524544, nr_irqs: 440, preallocated irqs: 16
[    0.004000] Console: colour VGA+ 80x25
[    0.004000] console [tty1] enabled
[    0.004000] console [ttyS0] enabled
[    0.004000] ACPI: Core revision 20170831
[    0.004000] ACPI: 2 ACPI AML tables successfully acquired and loaded
[    0.004000] APIC: Switch to symmetric I/O mode setup
[    0.004000] x2apic enabled
[    0.004000] Switched APIC routing to physical x2apic.
[    0.008000] ..TIMER: vector=0x30 apic1=0 pin1=2 apic2=-1 pin2=-1
[    0.008005] tsc: Detected 3491.912 MHz processor
[    0.012009] Calibrating delay loop (skipped) preset value.. 6983.82 BogoMIPS (lpj=13967648)
[    0.016005] pid_max: default: 32768 minimum: 301
[    0.017647] Security Framework initialized
[    0.020006] Yama: becoming mindful.
[    0.021299] AppArmor: AppArmor initialized
[    0.027137] Dentry cache hash table entries: 524288 (order: 10, 4194304 bytes)
[    0.032303] Inode-cache hash table entries: 262144 (order: 9, 2097152 bytes)
[    0.034594] Mount-cache hash table entries: 8192 (order: 4, 65536 bytes)
[    0.036028] Mountpoint-cache hash table entries: 8192 (order: 4, 65536 bytes)
[    0.040504] Last level iTLB entries: 4KB 1024, 2MB 1024, 4MB 1024
[    0.042354] Last level dTLB entries: 4KB 1024, 2MB 1024, 4MB 1024, 1GB 4
[    0.044007] Spectre V1 : Mitigation: usercopy/swapgs barriers and __user pointer sanitization
[    0.048007] Spectre V2 : Mitigation: Full generic retpoline
[    0.049948] Spectre V2 : Spectre v2 / SpectreRSB mitigation: Filling RSB on context switch
[    0.052000] Speculative Store Bypass: Vulnerable
[    0.052058] SRBDS: Unknown: Dependent on hypervisor status
[    0.053653] MDS: Vulnerable: Clear CPU buffers attempted, no microcode
[    0.056335] Freeing SMP alternatives memory: 36K
[    0.169366] smpboot: CPU0: Intel(R) Core(TM) i7-4770K CPU @ 3.50GHz (family: 0x6, model: 0x3c, stepping: 0x3)
[    0.172000] Performance Events: unsupported p6 CPU model 60 no PMU driver, software events only.
[    0.172039] Hierarchical SRCU implementation.
[    0.174131] NMI watchdog: Perf event create on CPU 0 failed with -2
[    0.176003] NMI watchdog: Perf NMI watchdog permanently disabled
[    0.177670] smp: Bringing up secondary CPUs ...
[    0.182391] x86: Booting SMP configuration:
[    0.184003] .... node  #0, CPUs:      #1
[    0.004000] kvm-clock: cpu 1, msr 0:aef44041, secondary cpu clock
[    0.188038] smp: Brought up 1 node, 2 CPUs
[    0.189293] smpboot: Max logical packages: 1
[    0.192007] smpboot: Total of 2 processors activated (13967.64 BogoMIPS)
[    0.194074] devtmpfs: initialized
[    0.194074] x86/mm: Memory block size: 128MB
[    0.196715] evm: security.selinux
[    0.197754] evm: security.SMACK64
[    0.200006] evm: security.SMACK64EXEC
[    0.201286] evm: security.SMACK64TRANSMUTE
[    0.202558] evm: security.SMACK64MMAP
[    0.203839] evm: security.apparmor
[    0.204008] evm: security.ima
[    0.205101] evm: security.capability
[    0.208018] clocksource: jiffies: mask: 0xffffffff max_cycles: 0xffffffff, max_idle_ns: 7645041785100000 ns
[    0.211360] futex hash table entries: 512 (order: 3, 32768 bytes)
[    0.212122] pinctrl core: initialized pinctrl subsystem
[    0.216054] RTC time:  5:41:49, date: 08/19/20
[    0.217764] NET: Registered protocol family 16
[    0.219729] audit: initializing netlink subsys (disabled)
[    0.220056] audit: type=2000 audit(1597815715.497:1): state=initialized audit_enabled=0 res=1
[    0.224029] cpuidle: using governor ladder
[    0.225571] cpuidle: using governor menu
[    0.228136] ACPI: bus type PCI registered
[    0.229744] acpiphp: ACPI Hot Plug PCI Controller Driver version: 0.5
[    0.232178] PCI: Using configuration type 1 for base access
[    0.236476] HugeTLB registered 2.00 MiB page size, pre-allocated 0 pages
[    0.237967] ACPI: Added _OSI(Module Device)
[    0.240004] ACPI: Added _OSI(Processor Device)
[    0.241427] ACPI: Added _OSI(3.0 _SCP Extensions)
[    0.242782] ACPI: Added _OSI(Processor Aggregator Device)
[    0.244003] ACPI: Added _OSI(Linux-Dell-Video)
[    0.245390] ACPI: Added _OSI(Linux-Lenovo-NV-HDMI-Audio)
[    0.248003] ACPI: Added _OSI(Linux-HPI-Hybrid-Graphics)
[    0.250095] ACPI: Executed 1 blocks of module-level executable AML code
[    0.262818] ACPI: Interpreter enabled
[    0.264025] ACPI: (supports S0 S5)
[    0.265026] ACPI: Using IOAPIC for interrupt routing
[    0.267039] PCI: Using host bridge windows from ACPI; if necessary, use "pci=nocrs" and report a bug
[    0.268368] ACPI: Enabled 2 GPEs in block 00 to 07
[    0.287522] ACPI: PCI Root Bridge [PCI0] (domain 0000 [bus 00-ff])
[    0.288010] acpi PNP0A03:00: _OSC: OS supports [ASPM ClockPM Segments MSI]
[    0.292323] acpi PNP0A03:00: _OSC: not requesting OS control; OS requires [ExtendedConfig ASPM ClockPM MSI]
[    0.295028] acpi PNP0A03:00: fail to add MMCONFIG information, can't access extended PCI configuration space under this bridge.
[    0.296637] PCI host bridge to bus 0000:00
[    0.300004] pci_bus 0000:00: root bus resource [io  0x0000-0x0cf7 window]
[    0.301818] pci_bus 0000:00: root bus resource [io  0x0d00-0xffff window]
[    0.303525] pci_bus 0000:00: root bus resource [mem 0x000a0000-0x000bffff window]
[    0.304004] pci_bus 0000:00: root bus resource [mem 0xaf000000-0xfdffffff window]
[    0.306214] pci_bus 0000:00: root bus resource [bus 00-ff]
[    0.310826] pci 0000:00:01.1: legacy IDE quirk: reg 0x10: [io  0x01f0-0x01f7]
[    0.312006] pci 0000:00:01.1: legacy IDE quirk: reg 0x14: [io  0x03f6]
[    0.316004] pci 0000:00:01.1: legacy IDE quirk: reg 0x18: [io  0x0170-0x0177]
[    0.320003] pci 0000:00:01.1: legacy IDE quirk: reg 0x1c: [io  0x0376]
[    0.373267] pci 0000:00:07.0: quirk: [io  0x4000-0x403f] claimed by PIIX4 ACPI
[    0.375405] pci 0000:00:07.0: quirk: [io  0x4100-0x410f] claimed by PIIX4 SMB
[    0.391855] ACPI: PCI Interrupt Link [LNKA] (IRQs 5 9 10 *11)
[    0.392923] ACPI: PCI Interrupt Link [LNKB] (IRQs 5 9 *10 11)
[    0.396261] ACPI: PCI Interrupt Link [LNKC] (IRQs 5 *9 10 11)
[    0.398278] ACPI: PCI Interrupt Link [LNKD] (IRQs 5 9 10 *11)
[    0.400625] SCSI subsystem initialized
[    0.402003] pci 0000:00:02.0: vgaarb: setting as boot VGA device
[    0.402003] pci 0000:00:02.0: vgaarb: VGA device added: decodes=io+mem,owns=io+mem,locks=none
[    0.404013] pci 0000:00:02.0: vgaarb: bridge control possible
[    0.408004] vgaarb: loaded
[    0.408913] ACPI: bus type USB registered
[    0.410069] usbcore: registered new interface driver usbfs
[    0.412018] usbcore: registered new interface driver hub
[    0.413798] usbcore: registered new device driver usb
[    0.415227] EDAC MC: Ver: 3.0.0
[    0.416305] PCI: Using ACPI for IRQ routing
[    0.417867] NetLabel: Initializing
[    0.418869] NetLabel:  domain hash size = 128
[    0.420003] NetLabel:  protocols = UNLABELED CIPSOv4 CALIPSO
[    0.421525] NetLabel:  unlabeled traffic allowed by default
[    0.424134] clocksource: Switched to clocksource kvm-clock
[    0.461636] VFS: Disk quotas dquot_6.6.0
[    0.463121] VFS: Dquot-cache hash table entries: 512 (order 0, 4096 bytes)
[    0.465405] AppArmor: AppArmor Filesystem Enabled
[    0.466686] pnp: PnP ACPI init
[    0.469685] pnp: PnP ACPI: found 3 devices
[    0.480051] clocksource: acpi_pm: mask: 0xffffff max_cycles: 0xffffff, max_idle_ns: 2085701024 ns
[    0.482965] NET: Registered protocol family 2
[    0.484442] TCP established hash table entries: 32768 (order: 6, 262144 bytes)
[    0.486908] TCP bind hash table entries: 32768 (order: 7, 524288 bytes)
[    0.488877] TCP: Hash tables configured (established 32768 bind 32768)
[    0.490585] UDP hash table entries: 2048 (order: 4, 65536 bytes)
[    0.492309] UDP-Lite hash table entries: 2048 (order: 4, 65536 bytes)
[    0.494203] NET: Registered protocol family 1
[    0.495465] pci 0000:00:00.0: Limiting direct PCI/PCI transfers
[    0.497211] pci 0000:00:01.0: Activating ISA DMA hang workarounds
[    0.498862] pci 0000:00:02.0: Video device with shadowed ROM at [mem 0x000c0000-0x000dffff]
[    0.501191] Unpacking initramfs...
[    1.053613] Freeing initrd memory: 19212K
[    1.054938] clocksource: tsc: mask: 0xffffffffffffffff max_cycles: 0x3255787006b, max_idle_ns: 440795244845 ns
[    1.057595] platform rtc_cmos: registered platform RTC device (no PNP device found)
[    1.059635] Scanning for low memory corruption every 60 seconds
[    1.062460] Initialise system trusted keyrings
[    1.063727] Key type blacklist registered
[    1.064955] workingset: timestamp_bits=36 max_order=20 bucket_order=0
[    1.068938] zbud: loaded
[    1.070675] squashfs: version 4.0 (2009/01/31) Phillip Lougher
[    1.072513] fuse init (API version 7.26)
[    1.076200] Key type asymmetric registered
[    1.077441] Asymmetric key parser 'x509' registered
[    1.078926] Block layer SCSI generic (bsg) driver version 0.4 loaded (major 246)
[    1.081165] io scheduler noop registered
[    1.082236] io scheduler deadline registered
[    1.083873] io scheduler cfq registered (default)
[    1.085731] ACPI: AC Adapter [AC] (on-line)
[    1.086993] input: Power Button as /devices/LNXSYSTM:00/LNXPWRBN:00/input/input0
[    1.089571] ACPI: Power Button [PWRF]
[    1.090676] input: Sleep Button as /devices/LNXSYSTM:00/LNXSLPBN:00/input/input1
[    1.092665] ACPI: Sleep Button [SLPF]
[    1.094271] Serial: 8250/16550 driver, 32 ports, IRQ sharing enabled
[    1.117230] 00:02: ttyS0 at I/O 0x3f8 (irq = 4, base_baud = 115200) is a 16550A
[    1.123036] Linux agpgart interface v0.103
[    1.126559] loop: module loaded
[    1.128333] scsi host0: ata_piix
[    1.129466] scsi host1: ata_piix
[    1.130467] ata1: PATA max UDMA/33 cmd 0x1f0 ctl 0x3f6 bmdma 0xd000 irq 14
[    1.132208] ata2: PATA max UDMA/33 cmd 0x170 ctl 0x376 bmdma 0xd008 irq 15
[    1.134509] libphy: Fixed MDIO Bus: probed
[    1.135783] tun: Universal TUN/TAP device driver, 1.6
[    1.137452] PPP generic driver version 2.4.2
[    1.138844] ehci_hcd: USB 2.0 'Enhanced' Host Controller (EHCI) Driver
[    1.140891] ehci-pci: EHCI PCI platform driver
[    1.142407] ehci-platform: EHCI generic platform driver
[    1.143812] ohci_hcd: USB 1.1 'Open' Host Controller (OHCI) Driver
[    1.145541] ohci-pci: OHCI PCI platform driver
[    1.146834] ohci-platform: OHCI generic platform driver
[    1.148325] uhci_hcd: USB Universal Host Controller Interface driver
[    1.150114] i8042: PNP: PS/2 Controller [PNP0303:PS2K,PNP0f03:PS2M] at 0x60,0x64 irq 1,12
[    1.153130] serio: i8042 KBD port at 0x60,0x64 irq 1
[    1.154645] serio: i8042 AUX port at 0x60,0x64 irq 12
[    1.156218] mousedev: PS/2 mouse device common for all mice
[    1.158478] input: AT Translated Set 2 keyboard as /devices/platform/i8042/serio0/input/input2
[    1.161006] rtc_cmos rtc_cmos: rtc core: registered rtc_cmos as rtc0
[    1.162727] rtc_cmos rtc_cmos: alarms up to one day, 114 bytes nvram
[    1.165237] i2c /dev entries driver
[    1.166372] device-mapper: uevent: version 1.0.3
[    1.167784] device-mapper: ioctl: 4.37.0-ioctl (2017-09-20) initialised: dm-devel@redhat.com
[    1.170362] ledtrig-cpu: registered to indicate activity on CPUs
[    1.172759] NET: Registered protocol family 10
[    1.177618] Segment Routing with IPv6
[    1.178800] NET: Registered protocol family 17
[    1.180478] Key type dns_resolver registered
[    1.182119] mce: Using 0 MCE banks
[    1.183158] RAS: Correctable Errors collector initialized.
[    1.185004] sched_clock: Marking stable (1184986540, 0)->(1517642537, -332655997)
[    1.187904] registered taskstats version 1
[    1.189281] Loading compiled-in X.509 certificates
[    1.193072] Loaded X.509 cert 'Build time autogenerated kernel key: 1d4b83cbc5f7a3cd7e4471a5cf69d65d9314bdf5'
[    1.195890] zswap: loaded using pool lzo/zbud
[    1.200171] Key type big_key registered
[    1.201396] Key type trusted registered
[    1.203864] Key type encrypted registered
[    1.205086] AppArmor: AppArmor sha1 policy hashing enabled
[    1.206591] ima: No TPM chip found, activating TPM-bypass! (rc=-19)
[    1.208313] ima: Allocated hash algorithm: sha1
[    1.209559] evm: HMAC attrs: 0x1
[    1.210784]   Magic number: 0:102:669
[    1.212000] rtc_cmos rtc_cmos: setting system clock to 2020-08-19 05:41:50 UTC (1597815710)
[    1.214669] BIOS EDD facility v0.16 2004-Jun-25, 0 devices found
[    1.216318] EDD information not available.
[    1.306502] Freeing unused kernel image memory: 2436K
[    1.312480] Write protecting the kernel read-only data: 20480k
[    1.319070] Freeing unused kernel image memory: 2008K
[    1.323497] Freeing unused kernel image memory: 1872K
[    1.355657] x86/mm: Checked W+X mappings: passed, no W+X pages found.
[    1.357500] x86/mm: Checking user space page tables
[    1.386131] x86/mm: Checked W+X mappings: passed, no W+X pages found.
Loading, please wait...
starting version 237
[    1.487576] e1000: Intel(R) PRO/1000 Network Driver - version 7.3.21-k8-NAPI
[    1.489516] e1000: Copyright (c) 1999-2006 Intel Corporation.
[    1.494507] Fusion MPT base driver 3.04.20
[    1.495754] Copyright (c) 1999-2008 LSI Corporation
[    1.517058] AVX2 version of gcm_enc/dec engaged.
[    1.518512] AES CTR mode by8 optimization enabled
[    1.547670] Fusion MPT SPI Host driver 3.04.20
[    1.732780] input: ImExPS/2 Generic Explorer Mouse as /devices/platform/i8042/serio1/input/input4
[    1.955356] e1000 0000:00:03.0 eth0: (PCI:33MHz:32-bit) 02:28:76:2f:c2:b7
[    1.957154] e1000 0000:00:03.0 eth0: Intel(R) PRO/1000 Network Connection
[    1.960876] mptbase: ioc0: Initiating bringup
[    1.961967] e1000 0000:00:03.0 enp0s3: renamed from eth0
[    2.139963] ioc0: LSI53C1030 A0: Capabilities={Initiator}
[    4.245973] scsi host2: ioc0: LSI53C1030 A0, FwRev=00000000h, Ports=1, MaxQ=256, IRQ=20
[    5.228984] scsi 2:0:0:0: Direct-Access     VBOX     HARDDISK         1.0  PQ: 0 ANSI: 5
[    5.272638] scsi target2:0:0: Beginning Domain Validation
[    5.282156] scsi target2:0:0: Domain Validation skipping write tests
[    5.287490] scsi target2:0:0: Ending Domain Validation
[    5.292316] scsi target2:0:0: asynchronous
[    5.298350] scsi 2:0:1:0: Direct-Access     VBOX     HARDDISK         1.0  PQ: 0 ANSI: 5
[    5.336308] scsi target2:0:1: Beginning Domain Validation
[    5.341116] random: fast init done
[    5.345085] scsi target2:0:1: Domain Validation skipping write tests
[    5.348351] scsi target2:0:1: Ending Domain Validation
[    5.351141] scsi target2:0:1: asynchronous
[    5.362643] random: systemd-udevd: uninitialized urandom read (16 bytes read)
[    5.366383] random: systemd-udevd: uninitialized urandom read (16 bytes read)
[    5.369991] random: systemd-udevd: uninitialized urandom read (16 bytes read)
[    5.373906] sd 2:0:0:0: Attached scsi generic sg0 type 0
[    5.374391] sd 2:0:0:0: [sda] 20971520 512-byte logical blocks: (10.7 GB/10.0 GiB)
[    5.378684] sd 2:0:1:0: Attached scsi generic sg1 type 0
[    5.382336] sd 2:0:0:0: [sda] Write Protect is off
[    5.385120] sd 2:0:1:0: [sdb] 20480 512-byte logical blocks: (10.5 MB/10.0 MiB)
[    5.385196] sd 2:0:0:0: [sda] Incomplete mode parameter data
[    5.389659] sd 2:0:0:0: [sda] Assuming drive cache: write through
[    5.389697] sd 2:0:1:0: [sdb] Write Protect is off
[    5.394417] sd 2:0:1:0: [sdb] Incomplete mode parameter data
[    5.398304] sd 2:0:1:0: [sdb] Assuming drive cache: write through
[    5.418647]  sda: sda1
[    5.420963] sd 2:0:0:0: [sda] Attached SCSI disk
[    5.441150] sd 2:0:1:0: [sdb] Attached SCSI disk
Begin: Loading essential drivers ... [    7.476087] raid6: sse2x1   gen()  3177 MB/s
[    7.524560] raid6: sse2x1   xor()  2039 MB/s
[    7.572431] raid6: sse2x2   gen()  6541 MB/s
[    7.620275] raid6: sse2x2   xor()  3349 MB/s
[    7.668191] raid6: sse2x4   gen()  7887 MB/s
[    7.716452] raid6: sse2x4   xor()  4564 MB/s
[    7.764073] raid6: avx2x1   gen()  6422 MB/s
[    7.812147] raid6: avx2x1   xor()  3460 MB/s
[    7.860556] raid6: avx2x2   gen() 12036 MB/s
[    7.908265] raid6: avx2x2   xor()  6456 MB/s
[    7.956108] raid6: avx2x4   gen() 16206 MB/s
[    8.004012] raid6: avx2x4   xor()  9458 MB/s
[    8.005193] raid6: using algorithm avx2x4 gen() 16206 MB/s
[    8.006746] raid6: .... xor() 9458 MB/s, rmw enabled
[    8.008093] raid6: using avx2x2 recovery algorithm
[    8.011277] xor: automatically using best checksumming function   avx       
[    8.014588] async_tx: api initialized (async)
done.
Begin: Running /scripts/init-premount ... done.
Begin: Mounting root file system ... Begin: Running /scripts/local-top ... done.
Begin: Running /scripts/local-premount ... [    8.089128] Btrfs loaded, crc32c=crc32c-intel
Scanning for Btrfs filesystems
done.
Warning: fsck not present, so skipping root file system
[    8.209473] EXT4-fs (sda1): mounted filesystem with ordered data mode. Opts: (null)
done.
Begin: Running /scripts/local-bottom ... done.
Begin: Running /scripts/init-bottom ... done.
[    9.054833] ip_tables: (C) 2000-2006 Netfilter Core Team
[    9.137732] systemd[1]: systemd 237 running in system mode. (+PAM +AUDIT +SELINUX +IMA +APPARMOR +SMACK +SYSVINIT +UTMP +LIBCRYPTSETUP +GCRYPT +GNUTLS +ACL +XZ +LZ4 +SECCOMP +BLKID +ELFUTILS +KMOD -IDN2 +IDN -PCRE2 default-hierarchy=hybrid)
[    9.161768] systemd[1]: Detected virtualization oracle.
[    9.165283] systemd[1]: Detected architecture x86-64.

Welcome to [1mUbuntu 18.04.4 LTS[0m!

[    9.194701] systemd[1]: Set hostname to <ubuntu>.
[    9.224999] systemd[1]: Initializing machine ID from random generator.
[    9.227191] systemd[1]: Installed transient /etc/machine-id file.
[    9.916472] random: crng init done
[    9.922228] random: 7 urandom warning(s) missed due to ratelimiting
[   10.277330] systemd[1]: Reached target System Time Synchronized.
[[0;32m  OK  [0m] Reached target System Time Synchronized.
[   10.281684] systemd[1]: Created slice System Slice.
[[0;32m  OK  [0m] Created slice System Slice.
[   10.283831] systemd[1]: Listening on Network Service Netlink Socket.
[[0;32m  OK  [0m] Listening on Network Service Netlink Socket.
[   10.286576] systemd[1]: Listening on Journal Socket (/dev/log).
[[0;32m  OK  [0m] Listening on Journal Socket (/dev/log).
[[0;32m  OK  [0m] Listening on Journal Audit Socket.
[[0;32m  OK  [0m] Listening on LVM2 metadata daemon socket.
[[0;32m  OK  [0m] Listening on LVM2 poll daemon socket.
[[0;32m  OK  [0m] Created slice system-serial\x2dgetty.slice.
[[0;32m  OK  [0m] Listening on udev Kernel Socket.
[[0;32m  OK  [0m] Reached target Swap.
[[0;32m  OK  [0m] Listening on Syslog Socket.
[[0;32m  OK  [0m] Reached target User and Group Name Lookups.
[[0;32m  OK  [0m] Started Forward Password Requests to Wall Directory Watch.
[[0;32m  OK  [0m] Listening on Journal Socket.
         Mounting Kernel Debug File System...
         Mounting POSIX Message Queue File System...
         Starting Journal Service...
         Starting Remount Root and Kernel File Systems...
         Starting Create list of required st…ce nodes for the current kernel...
         Starting Load Kernel Modules...
[[0;32m  OK  [0m] Listening on udev Control Socket.
         Starting udev Coldplug all Devices...
         Starting Set the console keyboard layout...
[[0;32m  OK  [0m] Listening on /dev/initctl Compatibility Named Pipe.
[[0;32m  OK  [0m] Created slice User and Session Slice.
[[0;32m  OK  [0m] Reached target Slices.
[[0;32m  OK  [0m] Set up automount Arbitrary Executab…rmats File System Automount Point.
[   10.490914] Loading iSCSI transport class v2.0-870.
         Starting Uncomplicated firewall...
[[0;32m  OK  [0m] Listening on Device-mapper event daemon FIFOs.
         Starting Monitoring of LVM2 mirrors…ng dmeventd or progress polling...
         Mounting Huge Pages File System...
[   10.532471] EXT4-fs (sda1): re-mounted. Opts: (null)
[[0;32m  OK  [0m] Started Journal Service.
[[0;32m  OK  [0m] Mounted Kernel Debug File System.
[[0;32m  OK  [0m] Mounted POSIX Message Queue File System.
[[0;32m  OK  [0m] Started Remount Root and Kernel File Systems.
[[0;32m  OK  [0m] Started Create list of required sta…vice nodes for the current kernel.
[[0;32m  OK  [0m] Mounted Huge Pages File System.
[   10.564422] iscsi: registered transport (tcp)
         Starting Create Static Device Nodes in /dev...
         Starting Load/Save Random Seed...
         Starting Flush Journal to Persistent Storage...
[[0;32m  OK  [0m] Started Uncomplicated firewall.
[[0;32m  OK  [0m] Started udev Coldplug all Devices.
[[0;32m  OK  [0m] Started Create Static Device Nodes in /dev.
         Starting udev Kernel Device Manager...
[   10.723542] iscsi: registered transport (iser)
[[0;32m  OK  [0m] Started Load Kernel Modules.
         Starting Apply Kernel Variables...
         Mounting Kernel Configuration File System...
         Mounting FUSE Control File System...
[[0;32m  OK  [0m] Mounted FUSE Control File System.
[[0;32m  OK  [0m] Started Load/Save Random Seed.
[[0;32m  OK  [0m] Mounted Kernel Configuration File System.
[   10.796899] systemd-journald[388]: Received request to flush runtime journal from PID 1
[[0;32m  OK  [0m] Started LVM2 metadata daemon.
[[0;32m  OK  [0m] Started Apply Kernel Variables.
[[0;32m  OK  [0m] Started udev Kernel Device Manager.
[[0;32m  OK  [0m] Started Set the console keyboard layout.
[[0;32m  OK  [0m] Started Dispatch Password Requests to Console Directory Watch.
[[0;32m  OK  [0m] Reached target Local Encrypted Volumes.
[[0;32m  OK  [0m] Started Flush Journal to Persistent Storage.
[[0;32m  OK  [0m] Started Monitoring of LVM2 mirrors,…sing dmeventd or progress polling.
[[0;32m  OK  [0m] Reached target Local File Systems (Pre).
[[0;32m  OK  [0m] Reached target Local File Systems.
         Starting Create Volatile Files and Directories...
         Starting Commit a transient machine-id on disk...
         Starting Set console font and keymap...
         Starting AppArmor initialization...
         Starting Tell Plymouth To Write Out Runtime Data...
         Starting ebtables ruleset management...
[[0;32m  OK  [0m] Started Set console font and keymap.
[[0;32m  OK  [0m] Started Tell Plymouth To Write Out Runtime Data.
[[0;32m  OK  [0m] Started Create Volatile Files and Directories.
         Starting Update UTMP about System Boot/Shutdown...
[[0;32m  OK  [0m] Started Commit a transient machine-id on disk.
[[0;32m  OK  [0m] Started Update UTMP about System Boot/Shutdown.
[[0;32m  OK  [0m] Found device /dev/ttyS0.
[[0;32m  OK  [0m] Started ebtables ruleset management.
[[0;32m  OK  [0m] Listening on Load/Save RF Kill Switch Status /dev/rfkill Watch.
[[0;32m  OK  [0m] Started AppArmor initialization.
         Starting Load AppArmor profiles managed internally by snapd...
         Starting Initial cloud-init job (pre-networking)...
[[0;32m  OK  [0m] Started Load AppArmor profiles managed internally by snapd.
[   17.533052] cloud-init[540]: Cloud-init v. 20.2-45-g5f7825e2-0ubuntu1~18.04.1 running 'init-local' at Wed, 19 Aug 2020 05:42:06 +0000. Up 16.72 seconds.
[[0;32m  OK  [0m] Started Initial cloud-init job (pre-networking).
[[0;32m  OK  [0m] Reached target Network (Pre).
         Starting Network Service...
[[0;32m  OK  [0m] Started Network Service.
         Starting Wait for Network to be Configured...
         Starting Network Name Resolution...
[[0;32m  OK  [0m] Started Network Name Resolution.
[[0;32m  OK  [0m] Reached target Network.
[[0;32m  OK  [0m] Reached target Host and Network Name Lookups.
[[0;32m  OK  [0m] Started Wait for Network to be Configured.
         Starting Initial cloud-init job (metadata service crawler)...
[   20.443853] cloud-init[694]: Cloud-init v. 20.2-45-g5f7825e2-0ubuntu1~18.04.1 running 'init' at Wed, 19 Aug 2020 05:42:09 +0000. Up 20.17 seconds.
[   20.445382] cloud-init[694]: ci-info: ++++++++++++++++++++++++++++++++++++++Net device info++++++++++++++++++++++++++++++++++++++
[   20.446804] cloud-init[694]: ci-info: +--------+------+----------------------------+---------------+--------+-------------------+
[   20.456782] cloud-init[694]: ci-info: | Device |  Up  |          Address           |      Mask     | Scope  |     Hw-Address    |
[   20.458148] cloud-init[694]: ci-info: +--------+------+----------------------------+---------------+--------+-------------------+
[   20.459632] cloud-init[694]: ci-info: | enp0s3 | True |         10.0.2.15          | 255.255.255.0 | global | 02:28:76:2f:c2:b7 |
[   20.461132] cloud-init[694]: ci-info: | enp0s3 | True | fe80::28:76ff:fe2f:c2b7/64 |       .       |  link  | 02:28:76:2f:c2:b7 |
[   20.462589] cloud-init[694]: ci-info: |   lo   | True |         127.0.0.1          |   255.0.0.0   |  host  |         .         |
[   20.464065] cloud-init[694]: ci-info: |   lo   | True |          ::1/128           |       .       |  host  |         .         |
[   20.465454] cloud-init[694]: ci-info: +--------+------+----------------------------+---------------+--------+-------------------+
[   20.466953] cloud-init[694]: ci-info: ++++++++++++++++++++++++++++Route IPv4 info+++++++++++++++++++++++++++++
[   20.468233] cloud-init[694]: ci-info: +-------+-------------+----------+-----------------+-----------+-------+
[   20.480279] cloud-init[694]: ci-info: | Route | Destination | Gateway  |     Genmask     | Interface | Flags |
[   20.481508] cloud-init[694]: ci-info: +-------+-------------+----------+-----------------+-----------+-------+
[   20.492153] cloud-init[694]: ci-info: |   0   |   0.0.0.0   | 10.0.2.2 |     0.0.0.0     |   enp0s3  |   UG  |
[   20.504462] cloud-init[694]: ci-info: |   1   |   10.0.2.0  | 0.0.0.0  |  255.255.255.0  |   enp0s3  |   U   |
[   20.516170] cloud-init[694]: ci-info: |   2   |   10.0.2.2  | 0.0.0.0  | 255.255.255.255 |   enp0s3  |   UH  |
[   20.517326] cloud-init[694]: ci-info: +-------+-------------+----------+-----------------+-----------+-------+
[   20.529256] cloud-init[694]: ci-info: +++++++++++++++++++Route IPv6 info+++++++++++++++++++
[   20.531498] cloud-init[694]: ci-info: +-------+-------------+---------+-----------+-------+
[   20.532708] cloud-init[694]: ci-info: | Route | Destination | Gateway | Interface | Flags |
[   20.534233] cloud-init[694]: ci-info: +-------+-------------+---------+-----------+-------+
[   20.535417] cloud-init[694]: ci-info: |   1   |  fe80::/64  |    ::   |   enp0s3  |   U   |
[   20.536756] cloud-init[694]: ci-info: |   3   |    local    |    ::   |   enp0s3  |   U   |
[   20.538103] cloud-init[694]: ci-info: |   4   |   ff00::/8  |    ::   |   enp0s3  |   U   |
[   20.539407] cloud-init[694]: ci-info: +-------+-------------+---------+-----------+-------+
[   21.998424] cloud-init[694]: Generating public/private rsa key pair.
[   21.999591] cloud-init[694]: Your identification has been saved in /etc/ssh/ssh_host_rsa_key.
[   22.000725] cloud-init[694]: Your public key has been saved in /etc/ssh/ssh_host_rsa_key.pub.
[   22.002107] cloud-init[694]: The key fingerprint is:
[   22.003056] cloud-init[694]: SHA256:T+a04QQ1j3eI4UcnMDMFviKinUfnSWbzwfy/jMu/3ro root@ubuntu-bionic
[   22.004320] cloud-init[694]: The key's randomart image is:
[   22.005251] cloud-init[694]: +---[RSA 2048]----+
[   22.006226] cloud-init[694]: |          X++ .  |
[   22.007255] cloud-init[694]: |         + @ +   |
[   22.008226] cloud-init[694]: |        . = = .  |
[   22.009210] cloud-init[694]: |         + + .   |
[   22.010181] cloud-init[694]: |    . o S @      |
[   22.011125] cloud-init[694]: |   o + B & =     |
[   22.012096] cloud-init[694]: |  . o . o * .    |
[   22.013165] cloud-init[694]: |     .     . + . |
[   22.014054] cloud-init[694]: |            ++E=.|
[   22.014969] cloud-init[694]: +----[SHA256]-----+
[   22.015978] cloud-init[694]: Generating public/private dsa key pair.
[   22.017211] cloud-init[694]: Your identification has been saved in /etc/ssh/ssh_host_dsa_key.
[   22.018501] cloud-init[694]: Your public key has been saved in /etc/ssh/ssh_host_dsa_key.pub.
[   22.019758] cloud-init[694]: The key fingerprint is:
[   22.020675] cloud-init[694]: SHA256:e8Lp7QFi0mjCByoQNNVyAgb+4xhSNBSanldlgZxNI7w root@ubuntu-bionic
[   22.021764] cloud-init[694]: The key's randomart image is:
[   22.022844] cloud-init[694]: +---[DSA 1024]----+
[   22.023789] cloud-init[694]: |=*Bo+.=*.        |
[   22.024767] cloud-init[694]: |o=.+ B+..        |
[   22.025746] cloud-init[694]: |+.o +..          |
[   22.026726] cloud-init[694]: |o+o..E           |
[   22.027689] cloud-init[694]: |++o+= + S        |
[   22.028657] cloud-init[694]: |o =+.o o +       |
[   22.041083] cloud-init[694]: | . .    = o      |
[   22.042010] cloud-init[694]: |       . + .     |
[   22.042974] cloud-init[694]: |        ..o      |
[   22.043934] cloud-init[694]: +----[SHA256]-----+
[   22.044923] cloud-init[694]: Generating public/private ecdsa key pair.
[   22.046132] cloud-init[694]: Your identification has been saved in /etc/ssh/ssh_host_ecdsa_key.
[   22.047475] cloud-init[694]: Your public key has been saved in /etc/ssh/ssh_host_ecdsa_key.pub.
[   22.048822] cloud-init[694]: The key fingerprint is:
[   22.049798] cloud-init[694]: SHA256:67YYBWFqP1SCN0tfDiXxkszzwSsQVVTlzJmbsTk2WzM root@ubuntu-bionic
[   22.051315] cloud-init[694]: The key's randomart image is:
[   22.052412] cloud-init[694]: +---[ECDSA 256]---+
[   22.053354] cloud-init[694]: |     .=.==+....  |
[   22.054300] cloud-init[694]: |    .o+B.=.  + o |
[   22.055267] cloud-init[694]: |    oo++*++   B  |
[   22.056282] cloud-init[694]: |   . o.o.+.o   * |
[   22.057254] cloud-init[694]: |      o S o   OE.|
[   22.058222] cloud-init[694]: |       o o   . =o|
[   22.059195] cloud-init[694]: |      . .     .  |
[   22.060195] cloud-init[694]: |       +.        |
[   22.061191] cloud-init[694]: |      ..o.       |
[[0;32m  OK  [0m] Started Initial cloud-init job (metadata service crawler).
[[0;32m  OK  [0m] Reached target System Initialization.
[[0;32m  OK  [0m] Started Daily apt download activities.
[   22.064574] [[0;32m  OK  [0m] Listening on UUID daemon activation socket.
[[0;32m  OK  [0m] Started Discard unused blocks once a week.
cloud-init[694]: +----[SHA256]-----+
[[0;32m  OK  [0m] Listening on ACPID Listen Socket.
[[0;32m  OK  [0m] Started Message of the Day.
[   22.069896] cloud-init[694]: Generating public/private ed25519 key pair.[[0;32m  OK  [0m] Started ACPI Events Check.
[[0;32m  OK  [0m] Reached target Paths.

[   22.082371] cloud-init[694]: Your identification has been saved in /etc/ssh/ssh_host_ed25519_key.
[   22.083840] cloud-init[694]: Your public key has been saved in /etc/ssh/ssh_host_ed25519_key.pub.
[   22.085476] cloud-init[694]: The key fingerprint is:
[   22.086467] cloud-init[694]: SHA256:GVJjLfz+pLiMyN3/eKNcHf+X1dqYaG+eNcGHN2ur0zU root@ubuntu-bionic
[   22.087991] cloud-init         Starting LXD - unix socket.
[[0;32m  OK  [0m] Started Daily Cleanup of Temporary Directories.
[[0;32m  OK  [0m] Listening on D-Bus System Message Bus Socket.
[694]:          Starting Socket activation for snappy daemon.
[[0;32m  OK  [0m] Started Daily apt upgrade and clean activities.
[[0;32m  OK  [0m] Reached target Timers.
The key's randomart image is:[[0;32m  OK  [0m] Listening on Open-iSCSI iscsid Socket.
[[0;32m  OK  [0m] Reached target Network is Online.
[[0;32m  OK  [0m] Reached target Remote File Systems (Pre).
[[0;32m  OK  [0m] Reached target Remote File Systems.
         Starting Availability of block devices...
[[0;32m  OK  [0m] Reached target Cloud-config availability.
[[0;32m  OK  [0m] Listening on Socket activation for snappy daemon.

[   22.104828] cloud-init[[0;32m  OK  [0m] Listening on LXD - unix socket.
[[0;32m  OK  [0m] Reached target Sockets.
[[0;32m  OK  [0m] Reached target Basic System.
[694]: +--[ED25519 256]--+
[   22.108743] cloud-init[694]: |       .+.       |
[   22.110043] cloud-init[694]: |       oo..      |
[   22.111157] cloud-init[694]:          Starting Permit User Sessions...
|      . .o       |
[   22.114064] cloud-init[694]: |       . o.   .. |[[0;32m  OK  [0m] Started D-Bus System Message Bus.

[   22.115748] cloud-init[694]: |        S.    o++|
[   22.116709] cloud-init[694]: |          . .. EO|
[   22.117627] cloud-init[694]: |         . +..oOB|
[   22.118606] cloud-init[694]: |   . o +...o*.*=*|
[   22.119563] cloud-init[694]: |    o o +o==.**.o|
[   22.120536] cloud-init[694]: +----[SHA256]-----+
[[0;32m  OK  [0m] Started FUSE filesystem for LXC.
         Starting LSB: automatic crash report generation...
         Starting Virtualbox guest utils...
[[0;32m  OK  [0m] Started irqbalance daemon.
[[0;32m  OK  [0m] Started Regular background program processing daemon.
[[0;32m  OK  [0m] Started Deferred execution scheduler.
         Starting Snap Daemon...
         Starting Pollinate to seed the pseudo random number generator...
         Starting System Logging Service...
         Starting Login Service...
         Starting Dispatcher daemon for systemd-networkd...
         Starting Accounts Service...
         Starting LSB: Record successful boot for GRUB...
         Starting LXD - container startup/shutdown...
[[0;32m  OK  [0m] Started Availability of block devices.
[[0;32m  OK  [0m] Started Permit User Sessions.
         Starting Hold until boot process finishes up...
         Starting Terminate Plymouth Boot Screen...
[[0;32m  OK  [0m] Started Hold until boot process finishes up.
         Starting Set console scheme...
[[0;32m  OK  [0m] Started Serial Getty on ttyS0.
[[0;32m  OK  [0m] Started Terminate Plymouth Boot Screen.
[[0;32m  OK  [0m] Started System Logging Service.
[[0;32m  OK  [0m] Started Set console scheme.
[[0;32m  OK  [0m] Created slice system-getty.slice.
[[0;32m  OK  [0m] Started Getty on tty1.
[[0;32m  OK  [0m] Reached target Login Prompts.
[[0;32m  OK  [0m] Started Login Service.
[[0;32m  OK  [0m] Started Unattended Upgrades Shutdown.
[[0;32m  OK  [0m] Started LSB: automatic crash report generation.
[[0;32m  OK  [0m] Started LSB: Record successful boot for GRUB.
         Starting Authorization Manager...
[[0;32m  OK  [0m] Started Virtualbox guest utils.
[[0;32m  OK  [0m] Started Authorization Manager.
[[0;32m  OK  [0m] Started Accounts Service.
[[0;32m  OK  [0m] Started Dispatcher daemon for systemd-networkd.
[[0;32m  OK  [0m] Started LXD - container startup/shutdown.
[[0;32m  OK  [0m] Started Snap Daemon.
         Starting Wait until snapd is fully seeded...
[[0;32m  OK  [0m] Started Pollinate to seed the pseudo random number generator.
         Starting OpenBSD Secure Shell server...
[[0;32m  OK  [0m] Started OpenBSD Secure Shell server.
[[0;32m  OK  [0m] Created slice User Slice of vagrant.
         Starting User Manager for UID 1000...
[[0;32m  OK  [0m] Started Session 1 of user vagrant.
[[0;32m  OK  [0m] Started User Manager for UID 1000.

Ubuntu 18.04.4 LTS ubuntu-bionic ttyS0

ubuntu-bionic login: [   30.463656] cloud-init[1344]: Cloud-init v. 20.2-45-g5f7825e2-0ubuntu1~18.04.1 running 'modules:config' at Wed, 19 Aug 2020 05:42:17 +0000. Up 28.36 seconds.
ci-info: no authorized SSH keys fingerprints found for user ubuntu.
<14>Aug 19 05:42:20 ec2: 
<14>Aug 19 05:42:20 ec2: #############################################################
<14>Aug 19 05:42:20 ec2: -----BEGIN SSH HOST KEY FINGERPRINTS-----
<14>Aug 19 05:42:20 ec2: 1024 SHA256:e8Lp7QFi0mjCByoQNNVyAgb+4xhSNBSanldlgZxNI7w root@ubuntu-bionic (DSA)
<14>Aug 19 05:42:20 ec2: 256 SHA256:67YYBWFqP1SCN0tfDiXxkszzwSsQVVTlzJmbsTk2WzM root@ubuntu-bionic (ECDSA)
<14>Aug 19 05:42:20 ec2: 256 SHA256:GVJjLfz+pLiMyN3/eKNcHf+X1dqYaG+eNcGHN2ur0zU root@ubuntu-bionic (ED25519)
<14>Aug 19 05:42:20 ec2: 2048 SHA256:T+a04QQ1j3eI4UcnMDMFviKinUfnSWbzwfy/jMu/3ro root@ubuntu-bionic (RSA)
<14>Aug 19 05:42:20 ec2: -----END SSH HOST KEY FINGERPRINTS-----
<14>Aug 19 05:42:20 ec2: #############################################################
-----BEGIN SSH HOST KEY KEYS-----
ecdsa-sha2-nistp256 AAAAE2VjZHNhLXNoYTItbmlzdHAyNTYAAAAIbmlzdHAyNTYAAABBBAWg6NUI66KS9PARXN/Bb2c2ENeWK7uny+Qu1K+o6Wia56GoD2dAteJulaOCyRLJApRZbNzoz1QNFHAZS8UTrhk= root@ubuntu-bionic
ssh-ed25519 AAAAC3NzaC1lZDI1NTE5AAAAILkaqMZMj7YKr8dJs/FCO092wOx7BE5/GHn507mExqZr root@ubuntu-bionic
ssh-rsa AAAAB3NzaC1yc2EAAAADAQABAAABAQClNcePibl/pLM6++bDWq41qiXYqwAjkn5ZUb21m/HVPUzt4l2jWMaDZ6gX2Ghtaf4tyx82d+RJhBSqeNxioEFHdlT2is05g9Q8J4CMBzOqy+JR7CqxEpHzOBtxSecpPV28uyoAZ9lRbdVyoV+5a+/BOsYBJ7I4dIou5zMY1q7MXeImC09bMGQ0fZS8u7Vx5o0T8mx+f/2GAxCcQV/1A0wzOYvOzOz3Ag4OR+x0mMfdhHjG+719RR8EOwuYl0CJnEfxssLu8deOOJT8BgkFhJ8NOoPkqARvfPkHhXAaOrjM/hojC5rdab56MA6eDjMNTszIJjGX9/KaqAt8J6JIWcGD root@ubuntu-bionic
-----END SSH HOST KEY KEYS-----
[   31.594678] cloud-init[1473]: Cloud-init v. 20.2-45-g5f7825e2-0ubuntu1~18.04.1 running 'modules:final' at Wed, 19 Aug 2020 05:42:20 +0000. Up 31.27 seconds.
[   31.594776] cloud-init[1473]: ci-info: no authorized SSH keys fingerprints found for user ubuntu.
[   31.595501] cloud-init[1473]: Cloud-init v. 20.2-45-g5f7825e2-0ubuntu1~18.04.1 finished at Wed, 19 Aug 2020 05:42:20 +0000. Datasource DataSourceNoCloud [seed=/dev/sdb][dsmode=net].  Up 31.58 seconds
         Stopping User Manager for UID 1002...
[[0;32m  OK  [0m] Stopped target Graphical Interface.
         Stopping Accounts Service...
[[0;32m  OK  [0m] Stopped target Host and Network Name Lookups.
         Stopping Session 5 of user maxim-ge.
         Stopping Disk Manager...
         Stopping RealtimeKit Scheduling Policy Service...
[[0;32m  OK  [0m] Stopped target Timers.
[[0;32m  OK  [0m] Stopped Daily Cleanup of Temporary Directories.
[[0;32m  OK  [0m] Stopped Daily apt upgrade and clean activities.
         Stopping Authorization Manager...
[[0;32m  OK  [0m] Stopped Discard unused blocks once a week.
[[0;32m  OK  [0m] Closed Load/Save RF Kill Switch Status /dev/rfkill Watch.
         Stopping Availability of block devices...
[[0;32m  OK  [0m] Stopped Daily apt download activities.
[[0;32m  OK  [0m] Stopped target Cloud-init target.
[[0;32m  OK  [0m] Stopped Execute cloud user/final scripts.
[[0;32m  OK  [0m] Stopped target Multi-User System.
         Stopping LSB: automatic crash report generation...
         Stopping Dispatcher daemon for systemd-networkd...
         Stopping Deferred execution scheduler...
         Stopping D-Bus System Message Bus...
         Stopping Virtualbox guest utils...
         Stopping System Logging Service...
         Stopping FUSE filesystem for LXC...
         Stopping OpenBSD Secure Shell server...
         Stopping LXD - container startup/shutdown...
         Stopping LSB: Record successful boot for GRUB...
         Stopping irqbalance daemon...
[[0;32m  OK  [0m] Stopped target Login Prompts.
         Stopping Getty on tty1...
         Stopping Serial Getty on ttyS0...
         Stopping Regular background program processing daemon...
[[0;32m  OK  [0m] Stopped Apply the settings specified in cloud-config.
[[0;32m  OK  [0m] Stopped target Network is Online.
[[0;32m  OK  [0m] Stopped target Cloud-config availability.
[[0;32m  OK  [0m] Stopped Wait until snapd is fully seeded.
         Stopping Daemon for power management...
[[0;32m  OK  [0m] Stopped Message of the Day.
[[0;32m  OK  [0m] Stopped target System Time Synchronized.
[[0;32m  OK  [0m] Unmounted /var/lib/lxcfs.
[[0;32m  OK  [0m] Stopped irqbalance daemon.
[[0;32m  OK  [0m] Stopped Regular background program processing daemon.
[[0;32m  OK  [0m] Stopped Deferred execution scheduler.
[[0;32m  OK  [0m] Stopped System Logging Service.
[[0;32m  OK  [0m] Stopped Dispatcher daemon for systemd-networkd.
[[0;32m  OK  [0m] Stopped Accounts Service.
[[0;32m  OK  [0m] Stopped Serial Getty on ttyS0.
[[0;32m  OK  [0m] Stopped Getty on tty1.
[[0;32m  OK  [0m] Stopped Authorization Manager.
[[0;32m  OK  [0m] Stopped OpenBSD Secure Shell server.
[[0;32m  OK  [0m] Stopped Disk Manager.
[[0;32m  OK  [0m] Stopped User Manager for UID 1002.
[[0;32m  OK  [0m] Stopped Daemon for power management.
[[0;32m  OK  [0m] Stopped RealtimeKit Scheduling Policy Service.
[[0;32m  OK  [0m] Stopped Availability of block devices.
[[0;32m  OK  [0m] Stopped D-Bus System Message Bus.
[[0;32m  OK  [0m] Stopped FUSE filesystem for LXC.
[[0;32m  OK  [0m] Stopped LXD - container startup/shutdown.
[[0;32m  OK  [0m] Removed slice system-getty.slice.
[[0;32m  OK  [0m] Removed slice system-serial\x2dgetty.slice.
[[0;32m  OK  [0m] Stopped LSB: automatic crash report generation.
[[0;32m  OK  [0m] Stopped LSB: Record successful boot for GRUB.
[[0;32m  OK  [0m] Stopped Virtualbox guest utils.
[[0;32m  OK  [0m] Stopped Session 5 of user maxim-ge.
[[0;32m  OK  [0m] Removed slice User Slice of maxim-ge.
         Stopping Login Service...
         Stopping Permit User Sessions...
[[0;32m  OK  [0m] Stopped Permit User Sessions.
[[0;32m  OK  [0m] Stopped target Network.
         Stopping Network Name Resolution...
[[0;32m  OK  [0m] Stopped target Remote File Systems.
[[0;32m  OK  [0m] Stopped target Remote File Systems (Pre).
[[0;32m  OK  [0m] Stopped Network Name Resolution.
[[0;32m  OK  [0m] Stopped Login Service.
[[0;32m  OK  [0m] Stopped target Basic System.
[[0;32m  OK  [0m] Stopped target Slices.
[[0;32m  OK  [0m] Removed slice User and Session Slice.
[[0;32m  OK  [0m] Stopped target Paths.
[[0;32m  OK  [0m] Stopped ACPI Events Check.
[[0;32m  OK  [0m] Stopped target Sockets.
[[0;32m  OK  [0m] Closed LXD - unix socket.
[[0;32m  OK  [0m] Closed D-Bus System Message Bus Socket.
[[0;32m  OK  [0m] Closed Socket activation for snappy daemon.
[[0;32m  OK  [0m] Closed ACPID Listen Socket.
[[0;32m  OK  [0m] Closed Syslog Socket.
[[0;32m  OK  [0m] Closed Open-iSCSI iscsid Socket.
[[0;32m  OK  [0m] Closed UUID daemon activation socket.
[[0;32m  OK  [0m] Stopped target System Initialization.
         Stopping Update UTMP about System Boot/Shutdown...
[[0;32m  OK  [0m] Stopped Commit a transient machine-id on disk.
         Stopping Load/Save Random Seed...
[[0;32m  OK  [0m] Stopped target Local Encrypted Volumes.
[[0;32m  OK  [0m] Stopped Forward Password Requests to Wall Directory Watch.
[[0;32m  OK  [0m] Stopped Dispatch Password Requests to Console Directory Watch.
[[0;32m  OK  [0m] Stopped Initial cloud-init job (metadata service crawler).
[[0;32m  OK  [0m] Stopped Wait for Network to be Configured.
         Stopping Network Service...
[[0;32m  OK  [0m] Stopped target User and Group Name Lookups.
[[0;32m  OK  [0m] Stopped Load/Save Random Seed.
[[0;32m  OK  [0m] Stopped Update UTMP about System Boot/Shutdown.
[[0;32m  OK  [0m] Stopped Create Volatile Files and Directories.
[[0;32m  OK  [0m] Stopped target Local File Systems.
         Unmounting /vagrant...
         Unmounting /run/user/1002...
[[0;32m  OK  [0m] Unmounted /run/user/1002.
[[0;32m  OK  [0m] Stopped target Swap.
[[0;32m  OK  [0m] Stopped Network Service.
[[0;32m  OK  [0m] Unmounted /vagrant.
[[0;32m  OK  [0m] Reached target Unmount All Filesystems.
[[0;32m  OK  [0m] Stopped target Local File Systems (Pre).
[[0;32m  OK  [0m] Stopped Create Static Device Nodes in /dev.
         Stopping Monitoring of LVM2 mirrors…ng dmeventd or progress polling...
[[0;32m  OK  [0m] Stopped Apply Kernel Variables.
[[0;32m  OK  [0m] Stopped Load Kernel Modules.
[[0;32m  OK  [0m] Stopped target Network (Pre).
[[0;32m  OK  [0m] Stopped Initial cloud-init job (pre-networking).
[[0;32m  OK  [0m] Stopped Remount Root and Kernel File Systems.
[[0;32m  OK  [0m] Reached target Shutdown.
[[0;32m  OK  [0m] Reached target Final Step.
         Starting Reboot...
[  469.789149] reboot: Restarting system
[    0.000000] Linux version 4.15.0-112-generic (buildd@lcy01-amd64-027) (gcc version 7.5.0 (Ubuntu 7.5.0-3ubuntu1~18.04)) #113-Ubuntu SMP Thu Jul 9 23:41:39 UTC 2020 (Ubuntu 4.15.0-112.113-generic 4.15.18)
[    0.000000] Command line: BOOT_IMAGE=/boot/vmlinuz-4.15.0-112-generic root=UUID=2e7c07d1-d2ec-4630-8134-70cafc4e0d81 ro console=tty1 console=ttyS0
[    0.000000] KERNEL supported cpus:
[    0.000000]   Intel GenuineIntel
[    0.000000]   AMD AuthenticAMD
[    0.000000]   Centaur CentaurHauls
[    0.000000] x86/fpu: Supporting XSAVE feature 0x001: 'x87 floating point registers'
[    0.000000] x86/fpu: Supporting XSAVE feature 0x002: 'SSE registers'
[    0.000000] x86/fpu: Supporting XSAVE feature 0x004: 'AVX registers'
[    0.000000] x86/fpu: xstate_offset[2]:  576, xstate_sizes[2]:  256
[    0.000000] x86/fpu: Enabled xstate features 0x7, context size is 832 bytes, using 'standard' format.
[    0.000000] e820: BIOS-provided physical RAM map:
[    0.000000] BIOS-e820: [mem 0x0000000000000000-0x000000000009fbff] usable
[    0.000000] BIOS-e820: [mem 0x000000000009fc00-0x000000000009ffff] reserved
[    0.000000] BIOS-e820: [mem 0x00000000000f0000-0x00000000000fffff] reserved
[    0.000000] BIOS-e820: [mem 0x0000000000100000-0x00000000aefeffff] usable
[    0.000000] BIOS-e820: [mem 0x00000000aeff0000-0x00000000aeffffff] ACPI data
[    0.000000] BIOS-e820: [mem 0x00000000fec00000-0x00000000fec00fff] reserved
[    0.000000] BIOS-e820: [mem 0x00000000fee00000-0x00000000fee00fff] reserved
[    0.000000] BIOS-e820: [mem 0x00000000fffc0000-0x00000000ffffffff] reserved
[    0.000000] NX (Execute Disable) protection: active
[    0.000000] SMBIOS 2.5 present.
[    0.000000] DMI: innotek GmbH VirtualBox/VirtualBox, BIOS VirtualBox 12/01/2006
[    0.000000] Hypervisor detected: KVM
[    0.000000] e820: last_pfn = 0xaeff0 max_arch_pfn = 0x400000000
[    0.000000] MTRR: Disabled
[    0.000000] x86/PAT: MTRRs disabled, skipping PAT initialization too.
[    0.000000] CPU MTRRs all blank - virtualized system.
[    0.000000] x86/PAT: Configuration [0-7]: WB  WT  UC- UC  WB  WT  UC- UC  
[    0.000000] Scanning 1 areas for low memory corruption
[    0.000000] RAMDISK: [mem 0x35961000-0x36ca7fff]
[    0.000000] ACPI: Early table checksum verification disabled
[    0.000000] ACPI: RSDP 0x00000000000E0000 000024 (v02 VBOX  )
[    0.000000] ACPI: XSDT 0x00000000AEFF0030 00003C (v01 VBOX   VBOXXSDT 00000001 ASL  00000061)
[    0.000000] ACPI: FACP 0x00000000AEFF00F0 0000F4 (v04 VBOX   VBOXFACP 00000001 ASL  00000061)
[    0.000000] ACPI: DSDT 0x00000000AEFF0470 0022EA (v02 VBOX   VBOXBIOS 00000002 INTL 20100528)
[    0.000000] ACPI: FACS 0x00000000AEFF0200 000040
[    0.000000] ACPI: FACS 0x00000000AEFF0200 000040
[    0.000000] ACPI: APIC 0x00000000AEFF0240 00005C (v02 VBOX   VBOXAPIC 00000001 ASL  00000061)
[    0.000000] ACPI: SSDT 0x00000000AEFF02A0 0001CC (v01 VBOX   VBOXCPUT 00000002 INTL 20100528)
[    0.000000] No NUMA configuration found
[    0.000000] Faking a node at [mem 0x0000000000000000-0x00000000aefeffff]
[    0.000000] NODE_DATA(0) allocated [mem 0xaefc5000-0xaefeffff]
[    0.000000] kvm-clock: cpu 0, msr 0:aef44001, primary cpu clock
[    0.000000] kvm-clock: Using msrs 4b564d01 and 4b564d00
[    0.000000] kvm-clock: using sched offset of 479303929322 cycles
[    0.000000] clocksource: kvm-clock: mask: 0xffffffffffffffff max_cycles: 0x1cd42e4dffb, max_idle_ns: 881590591483 ns
[    0.000000] Zone ranges:
[    0.000000]   DMA      [mem 0x0000000000001000-0x0000000000ffffff]
[    0.000000]   DMA32    [mem 0x0000000001000000-0x00000000aefeffff]
[    0.000000]   Normal   empty
[    0.000000]   Device   empty
[    0.000000] Movable zone start for each node
[    0.000000] Early memory node ranges
[    0.000000]   node   0: [mem 0x0000000000001000-0x000000000009efff]
[    0.000000]   node   0: [mem 0x0000000000100000-0x00000000aefeffff]
[    0.000000] Reserved but unavailable: 98 pages
[    0.000000] Initmem setup node 0 [mem 0x0000000000001000-0x00000000aefeffff]
[    0.000000] ACPI: PM-Timer IO Port: 0x4008
[    0.000000] IOAPIC[0]: apic_id 2, version 32, address 0xfec00000, GSI 0-23
[    0.000000] ACPI: INT_SRC_OVR (bus 0 bus_irq 0 global_irq 2 dfl dfl)
[    0.000000] ACPI: INT_SRC_OVR (bus 0 bus_irq 9 global_irq 9 low level)
[    0.000000] Using ACPI (MADT) for SMP configuration information
[    0.000000] smpboot: Allowing 2 CPUs, 0 hotplug CPUs
[    0.000000] PM: Registered nosave memory: [mem 0x00000000-0x00000fff]
[    0.000000] PM: Registered nosave memory: [mem 0x0009f000-0x0009ffff]
[    0.000000] PM: Registered nosave memory: [mem 0x000a0000-0x000effff]
[    0.000000] PM: Registered nosave memory: [mem 0x000f0000-0x000fffff]
[    0.000000] e820: [mem 0xaf000000-0xfebfffff] available for PCI devices
[    0.000000] Booting paravirtualized kernel on KVM
[    0.000000] clocksource: refined-jiffies: mask: 0xffffffff max_cycles: 0xffffffff, max_idle_ns: 7645519600211568 ns
[    0.000000] random: get_random_bytes called from start_kernel+0x99/0x500 with crng_init=0
[    0.000000] setup_percpu: NR_CPUS:8192 nr_cpumask_bits:2 nr_cpu_ids:2 nr_node_ids:1
[    0.000000] percpu: Embedded 45 pages/cpu s147456 r8192 d28672 u1048576
[    0.000000] PV qspinlock hash table entries: 256 (order: 0, 4096 bytes)
[    0.000000] Built 1 zonelists, mobility grouping on.  Total pages: 705465
[    0.000000] Policy zone: DMA32
[    0.000000] Kernel command line: BOOT_IMAGE=/boot/vmlinuz-4.15.0-112-generic root=UUID=2e7c07d1-d2ec-4630-8134-70cafc4e0d81 ro console=tty1 console=ttyS0
[    0.000000] Memory: 2772464K/2866744K available (12300K kernel code, 2481K rwdata, 4272K rodata, 2436K init, 2720K bss, 94280K reserved, 0K cma-reserved)
[    0.000000] SLUB: HWalign=64, Order=0-3, MinObjects=0, CPUs=2, Nodes=1
[    0.000000] Kernel/User page tables isolation: enabled
[    0.000000] ftrace: allocating 39378 entries in 154 pages
[    0.004000] Hierarchical RCU implementation.
[    0.004000] 	RCU restricting CPUs from NR_CPUS=8192 to nr_cpu_ids=2.
[    0.004000] 	Tasks RCU enabled.
[    0.004000] RCU: Adjusting geometry for rcu_fanout_leaf=16, nr_cpu_ids=2
[    0.004000] NR_IRQS: 524544, nr_irqs: 440, preallocated irqs: 16
[    0.004000] Console: colour VGA+ 80x25
[    0.004000] console [tty1] enabled
[    0.004000] console [ttyS0] enabled
[    0.004000] ACPI: Core revision 20170831
[    0.004000] ACPI: 2 ACPI AML tables successfully acquired and loaded
[    0.004000] APIC: Switch to symmetric I/O mode setup
[    0.004000] x2apic enabled
[    0.004000] Switched APIC routing to physical x2apic.
[    0.007680] ..TIMER: vector=0x30 apic1=0 pin1=2 apic2=-1 pin2=-1
[    0.008003] tsc: Detected 3491.912 MHz processor
[    0.009240] Calibrating delay loop (skipped) preset value.. 6983.82 BogoMIPS (lpj=13967648)
[    0.012003] pid_max: default: 32768 minimum: 301
[    0.013394] Security Framework initialized
[    0.014731] Yama: becoming mindful.
[    0.016031] AppArmor: AppArmor initialized
[    0.017864] Dentry cache hash table entries: 524288 (order: 10, 4194304 bytes)
[    0.020329] Inode-cache hash table entries: 262144 (order: 9, 2097152 bytes)
[    0.022111] Mount-cache hash table entries: 8192 (order: 4, 65536 bytes)
[    0.024016] Mountpoint-cache hash table entries: 8192 (order: 4, 65536 bytes)
[    0.026278] Last level iTLB entries: 4KB 1024, 2MB 1024, 4MB 1024
[    0.028003] Last level dTLB entries: 4KB 1024, 2MB 1024, 4MB 1024, 1GB 4
[    0.029826] Spectre V1 : Mitigation: usercopy/swapgs barriers and __user pointer sanitization
[    0.032003] Spectre V2 : Mitigation: Full generic retpoline
[    0.033474] Spectre V2 : Spectre v2 / SpectreRSB mitigation: Filling RSB on context switch
[    0.036002] Speculative Store Bypass: Vulnerable
[    0.037323] SRBDS: Unknown: Dependent on hypervisor status
[    0.038757] MDS: Vulnerable: Clear CPU buffers attempted, no microcode
[    0.040321] Freeing SMP alternatives memory: 36K
[    0.152765] smpboot: CPU0: Intel(R) Core(TM) i7-4770K CPU @ 3.50GHz (family: 0x6, model: 0x3c, stepping: 0x3)
[    0.155561] Performance Events: unsupported p6 CPU model 60 no PMU driver, software events only.
[    0.156039] Hierarchical SRCU implementation.
[    0.157857] NMI watchdog: Perf event create on CPU 0 failed with -2
[    0.160002] NMI watchdog: Perf NMI watchdog permanently disabled
[    0.161711] smp: Bringing up secondary CPUs ...
[    0.164140] x86: Booting SMP configuration:
[    0.165414] .... node  #0, CPUs:      #1
[    0.004000] kvm-clock: cpu 1, msr 0:aef44041, secondary cpu clock
[    0.168027] smp: Brought up 1 node, 2 CPUs
[    0.169516] smpboot: Max logical packages: 1
[    0.172006] smpboot: Total of 2 processors activated (13967.64 BogoMIPS)
[    0.174063] devtmpfs: initialized
[    0.176100] x86/mm: Memory block size: 128MB
[    0.178031] evm: security.selinux
[    0.179023] evm: security.SMACK64
[    0.180000] evm: security.SMACK64EXEC
[    0.180003] evm: security.SMACK64TRANSMUTE
[    0.181245] evm: security.SMACK64MMAP
[    0.182375] evm: security.apparmor
[    0.184003] evm: security.ima
[    0.184934] evm: security.capability
[    0.186166] clocksource: jiffies: mask: 0xffffffff max_cycles: 0xffffffff, max_idle_ns: 7645041785100000 ns
[    0.188014] futex hash table entries: 512 (order: 3, 32768 bytes)
[    0.189612] pinctrl core: initialized pinctrl subsystem
[    0.192183] RTC time:  5:49:44, date: 08/19/20
[    0.193718] NET: Registered protocol family 16
[    0.196256] audit: initializing netlink subsys (disabled)
[    0.197879] audit: type=2000 audit(1597816665.177:1): state=initialized audit_enabled=0 res=1
[    0.200013] cpuidle: using governor ladder
[    0.201168] cpuidle: using governor menu
[    0.202467] ACPI: bus type PCI registered
[    0.204003] acpiphp: ACPI Hot Plug PCI Controller Driver version: 0.5
[    0.205910] PCI: Using configuration type 1 for base access
[    0.210402] HugeTLB registered 2.00 MiB page size, pre-allocated 0 pages
[    0.212139] ACPI: Added _OSI(Module Device)
[    0.213516] ACPI: Added _OSI(Processor Device)
[    0.216004] ACPI: Added _OSI(3.0 _SCP Extensions)
[    0.217330] ACPI: Added _OSI(Processor Aggregator Device)
[    0.218930] ACPI: Added _OSI(Linux-Dell-Video)
[    0.220009] ACPI: Added _OSI(Linux-Lenovo-NV-HDMI-Audio)
[    0.221511] ACPI: Added _OSI(Linux-HPI-Hybrid-Graphics)
[    0.223465] ACPI: Executed 1 blocks of module-level executable AML code
[    0.235565] ACPI: Interpreter enabled
[    0.236024] ACPI: (supports S0 S5)
[    0.237085] ACPI: Using IOAPIC for interrupt routing
[    0.239425] PCI: Using host bridge windows from ACPI; if necessary, use "pci=nocrs" and report a bug
[    0.240348] ACPI: Enabled 2 GPEs in block 00 to 07
[    0.260507] ACPI: PCI Root Bridge [PCI0] (domain 0000 [bus 00-ff])
[    0.262261] acpi PNP0A03:00: _OSC: OS supports [ASPM ClockPM Segments MSI]
[    0.265285] acpi PNP0A03:00: _OSC: not requesting OS control; OS requires [ExtendedConfig ASPM ClockPM MSI]
[    0.268021] acpi PNP0A03:00: fail to add MMCONFIG information, can't access extended PCI configuration space under this bridge.
[    0.272493] PCI host bridge to bus 0000:00
[    0.273775] pci_bus 0000:00: root bus resource [io  0x0000-0x0cf7 window]
[    0.275655] pci_bus 0000:00: root bus resource [io  0x0d00-0xffff window]
[    0.276004] pci_bus 0000:00: root bus resource [mem 0x000a0000-0x000bffff window]
[    0.278280] pci_bus 0000:00: root bus resource [mem 0xaf000000-0xfdffffff window]
[    0.280004] pci_bus 0000:00: root bus resource [bus 00-ff]
[    0.286227] pci 0000:00:01.1: legacy IDE quirk: reg 0x10: [io  0x01f0-0x01f7]
[    0.288003] pci 0000:00:01.1: legacy IDE quirk: reg 0x14: [io  0x03f6]
[    0.289693] pci 0000:00:01.1: legacy IDE quirk: reg 0x18: [io  0x0170-0x0177]
[    0.292003] pci 0000:00:01.1: legacy IDE quirk: reg 0x1c: [io  0x0376]
[    0.342626] pci 0000:00:07.0: quirk: [io  0x4000-0x403f] claimed by PIIX4 ACPI
[    0.344018] pci 0000:00:07.0: quirk: [io  0x4100-0x410f] claimed by PIIX4 SMB
[    0.360939] ACPI: PCI Interrupt Link [LNKA] (IRQs 5 9 10 *11)
[    0.363507] ACPI: PCI Interrupt Link [LNKB] (IRQs 5 9 *10 11)
[    0.364237] ACPI: PCI Interrupt Link [LNKC] (IRQs 5 *9 10 11)
[    0.366239] ACPI: PCI Interrupt Link [LNKD] (IRQs 5 9 10 *11)
[    0.368643] SCSI subsystem initialized
[    0.369890] pci 0000:00:02.0: vgaarb: setting as boot VGA device
[    0.369890] pci 0000:00:02.0: vgaarb: VGA device added: decodes=io+mem,owns=io+mem,locks=none
[    0.372005] pci 0000:00:02.0: vgaarb: bridge control possible
[    0.376003] vgaarb: loaded
[    0.377003] ACPI: bus type USB registered
[    0.378260] usbcore: registered new interface driver usbfs
[    0.380015] usbcore: registered new interface driver hub
[    0.381710] usbcore: registered new device driver usb
[    0.384026] EDAC MC: Ver: 3.0.0
[    0.385324] PCI: Using ACPI for IRQ routing
[    0.385808] NetLabel: Initializing
[    0.388003] NetLabel:  domain hash size = 128
[    0.389198] NetLabel:  protocols = UNLABELED CIPSOv4 CALIPSO
[    0.390769] NetLabel:  unlabeled traffic allowed by default
[    0.392163] clocksource: Switched to clocksource kvm-clock
[    0.420048] VFS: Disk quotas dquot_6.6.0
[    0.421267] VFS: Dquot-cache hash table entries: 512 (order 0, 4096 bytes)
[    0.423351] AppArmor: AppArmor Filesystem Enabled
[    0.424939] pnp: PnP ACPI init
[    0.428526] pnp: PnP ACPI: found 3 devices
[    0.439660] clocksource: acpi_pm: mask: 0xffffff max_cycles: 0xffffff, max_idle_ns: 2085701024 ns
[    0.445005] NET: Registered protocol family 2
[    0.446484] TCP established hash table entries: 32768 (order: 6, 262144 bytes)
[    0.448764] TCP bind hash table entries: 32768 (order: 7, 524288 bytes)
[    0.450616] TCP: Hash tables configured (established 32768 bind 32768)
[    0.452368] UDP hash table entries: 2048 (order: 4, 65536 bytes)
[    0.454156] UDP-Lite hash table entries: 2048 (order: 4, 65536 bytes)
[    0.455851] NET: Registered protocol family 1
[    0.457129] pci 0000:00:00.0: Limiting direct PCI/PCI transfers
[    0.458666] pci 0000:00:01.0: Activating ISA DMA hang workarounds
[    0.460313] pci 0000:00:02.0: Video device with shadowed ROM at [mem 0x000c0000-0x000dffff]
[    0.462928] Unpacking initramfs...
[    0.967735] Freeing initrd memory: 19740K
[    0.969256] clocksource: tsc: mask: 0xffffffffffffffff max_cycles: 0x3255787006b, max_idle_ns: 440795244845 ns
[    0.972537] platform rtc_cmos: registered platform RTC device (no PNP device found)
[    0.974783] Scanning for low memory corruption every 60 seconds
[    0.977561] Initialise system trusted keyrings
[    0.978851] Key type blacklist registered
[    0.980353] workingset: timestamp_bits=36 max_order=20 bucket_order=0
[    0.984330] zbud: loaded
[    0.986742] squashfs: version 4.0 (2009/01/31) Phillip Lougher
[    0.988660] fuse init (API version 7.26)
[    0.993492] Key type asymmetric registered
[    0.994636] Asymmetric key parser 'x509' registered
[    0.996011] Block layer SCSI generic (bsg) driver version 0.4 loaded (major 246)
[    0.998342] io scheduler noop registered
[    0.999579] io scheduler deadline registered
[    1.000898] io scheduler cfq registered (default)
[    1.002584] ACPI: AC Adapter [AC] (on-line)
[    1.003836] input: Power Button as /devices/LNXSYSTM:00/LNXPWRBN:00/input/input0
[    1.006093] ACPI: Power Button [PWRF]
[    1.007257] input: Sleep Button as /devices/LNXSYSTM:00/LNXSLPBN:00/input/input1
[    1.009493] ACPI: Sleep Button [SLPF]
[    1.011068] Serial: 8250/16550 driver, 32 ports, IRQ sharing enabled
[    1.034250] 00:02: ttyS0 at I/O 0x3f8 (irq = 4, base_baud = 115200) is a 16550A
[    1.040689] Linux agpgart interface v0.103
[    1.044130] loop: module loaded
[    1.046029] scsi host0: ata_piix
[    1.047141] scsi host1: ata_piix
[    1.048402] ata1: PATA max UDMA/33 cmd 0x1f0 ctl 0x3f6 bmdma 0xd000 irq 14
[    1.050321] ata2: PATA max UDMA/33 cmd 0x170 ctl 0x376 bmdma 0xd008 irq 15
[    1.052684] libphy: Fixed MDIO Bus: probed
[    1.053939] tun: Universal TUN/TAP device driver, 1.6
[    1.055423] PPP generic driver version 2.4.2
[    1.056936] ehci_hcd: USB 2.0 'Enhanced' Host Controller (EHCI) Driver
[    1.058662] ehci-pci: EHCI PCI platform driver
[    1.059901] ehci-platform: EHCI generic platform driver
[    1.061373] ohci_hcd: USB 1.1 'Open' Host Controller (OHCI) Driver
[    1.063089] ohci-pci: OHCI PCI platform driver
[    1.064417] ohci-platform: OHCI generic platform driver
[    1.065937] uhci_hcd: USB Universal Host Controller Interface driver
[    1.067641] i8042: PNP: PS/2 Controller [PNP0303:PS2K,PNP0f03:PS2M] at 0x60,0x64 irq 1,12
[    1.070533] serio: i8042 KBD port at 0x60,0x64 irq 1
[    1.071997] serio: i8042 AUX port at 0x60,0x64 irq 12
[    1.073720] mousedev: PS/2 mouse device common for all mice
[    1.076343] input: AT Translated Set 2 keyboard as /devices/platform/i8042/serio0/input/input2
[    1.078822] rtc_cmos rtc_cmos: rtc core: registered rtc_cmos as rtc0
[    1.080804] rtc_cmos rtc_cmos: alarms up to one day, 114 bytes nvram
[    1.082460] i2c /dev entries driver
[    1.083570] device-mapper: uevent: version 1.0.3
[    1.085026] device-mapper: ioctl: 4.37.0-ioctl (2017-09-20) initialised: dm-devel@redhat.com
[    1.087471] ledtrig-cpu: registered to indicate activity on CPUs
[    1.089750] NET: Registered protocol family 10
[    1.095154] Segment Routing with IPv6
[    1.096617] NET: Registered protocol family 17
[    1.098022] Key type dns_resolver registered
[    1.099714] mce: Using 0 MCE banks
[    1.100814] RAS: Correctable Errors collector initialized.
[    1.102280] sched_clock: Marking stable (1100792314, 0)->(1402584497, -301792183)
[    1.105151] registered taskstats version 1
[    1.106379] Loading compiled-in X.509 certificates
[    1.110452] Loaded X.509 cert 'Build time autogenerated kernel key: 1d4b83cbc5f7a3cd7e4471a5cf69d65d9314bdf5'
[    1.113362] zswap: loaded using pool lzo/zbud
[    1.118280] Key type big_key registered
[    1.119427] Key type trusted registered
[    1.122436] Key type encrypted registered
[    1.123599] AppArmor: AppArmor sha1 policy hashing enabled
[    1.125208] ima: No TPM chip found, activating TPM-bypass! (rc=-19)
[    1.126943] ima: Allocated hash algorithm: sha1
[    1.128227] evm: HMAC attrs: 0x1
[    1.129672]   Magic number: 0:755:820
[    1.130959] rtc_cmos rtc_cmos: setting system clock to 2020-08-19 05:49:45 UTC (1597816185)
[    1.133579] BIOS EDD facility v0.16 2004-Jun-25, 0 devices found
[    1.135173] EDD information not available.
[    1.255832] Freeing unused kernel image memory: 2436K
[    1.264401] Write protecting the kernel read-only data: 20480k
[    1.269845] Freeing unused kernel image memory: 2008K
[    1.273485] Freeing unused kernel image memory: 1872K
[    1.308803] x86/mm: Checked W+X mappings: passed, no W+X pages found.
[    1.310524] x86/mm: Checking user space page tables
[    1.339419] x86/mm: Checked W+X mappings: passed, no W+X pages found.
Loading, please wait...
starting version 237
[    1.441192] e1000: Intel(R) PRO/1000 Network Driver - version 7.3.21-k8-NAPI
[    1.442995] e1000: Copyright (c) 1999-2006 Intel Corporation.
[    1.474501] Fusion MPT base driver 3.04.20
[    1.475757] Copyright (c) 1999-2008 LSI Corporation
[    1.484018] AVX2 version of gcm_enc/dec engaged.
[    1.485425] AES CTR mode by8 optimization enabled
[    1.500698] Fusion MPT SPI Host driver 3.04.20
[    1.663951] input: ImExPS/2 Generic Explorer Mouse as /devices/platform/i8042/serio1/input/input4
[    1.903860] e1000 0000:00:03.0 eth0: (PCI:33MHz:32-bit) 02:28:76:2f:c2:b7
[    1.912644] e1000 0000:00:03.0 eth0: Intel(R) PRO/1000 Network Connection
[    1.921221] e1000 0000:00:03.0 enp0s3: renamed from eth0
[    1.922340] mptbase: ioc0: Initiating bringup
[    2.389299] ioc0: LSI53C1030 A0: Capabilities={Initiator}
[    3.398954] scsi host2: ioc0: LSI53C1030 A0, FwRev=00000000h, Ports=1, MaxQ=256, IRQ=20
[    3.937854] scsi 2:0:0:0: Direct-Access     VBOX     HARDDISK         1.0  PQ: 0 ANSI: 5
[    3.980789] scsi target2:0:0: Beginning Domain Validation
[    3.998792] scsi target2:0:0: Domain Validation skipping write tests
[    4.007530] scsi target2:0:0: Ending Domain Validation
[    4.015961] scsi target2:0:0: asynchronous
[    4.022704] scsi 2:0:1:0: Direct-Access     VBOX     HARDDISK         1.0  PQ: 0 ANSI: 5
[    4.060388] scsi target2:0:1: Beginning Domain Validation
[    4.069434] random: fast init done
[    4.074121] scsi target2:0:1: Domain Validation skipping write tests
[    4.082860] scsi target2:0:1: Ending Domain Validation
[    4.090862] scsi target2:0:1: asynchronous
[    4.115510] random: systemd-udevd: uninitialized urandom read (16 bytes read)
[    4.120415] sd 2:0:0:0: Attached scsi generic sg0 type 0
[    4.120847] random: systemd-udevd: uninitialized urandom read (16 bytes read)
[    4.129014] random: systemd-udevd: uninitialized urandom read (16 bytes read)
[    4.129058] sd 2:0:0:0: [sda] 20971520 512-byte logical blocks: (10.7 GB/10.0 GiB)
[    4.136186] sd 2:0:1:0: Attached scsi generic sg1 type 0
[    4.140412] sd 2:0:0:0: [sda] Write Protect is off
[    4.142086] sd 2:0:1:0: [sdb] 20480 512-byte logical blocks: (10.5 MB/10.0 MiB)
[    4.144944] sd 2:0:1:0: [sdb] Write Protect is off
[    4.146406] sd 2:0:0:0: [sda] Incomplete mode parameter data
[    4.148096] sd 2:0:0:0: [sda] Assuming drive cache: write through
[    4.150251] sd 2:0:1:0: [sdb] Incomplete mode parameter data
[    4.151823] sd 2:0:1:0: [sdb] Assuming drive cache: write through
[    4.167188]  sda: sda1
[    4.169188] sd 2:0:0:0: [sda] Attached SCSI disk
[    4.182027] sd 2:0:1:0: [sdb] Attached SCSI disk
Begin: Loading essential drivers ... [    6.280057] raid6: sse2x1   gen()  3096 MB/s
[    6.328422] raid6: sse2x1   xor()  2051 MB/s
[    6.376240] raid6: sse2x2   gen()  7071 MB/s
[    6.424075] raid6: sse2x2   xor()  2843 MB/s
[    6.472449] raid6: sse2x4   gen()  6202 MB/s
[    6.520294] raid6: sse2x4   xor()  4225 MB/s
[    6.568066] raid6: avx2x1   gen()  6293 MB/s
[    6.616430] raid6: avx2x1   xor()  3488 MB/s
[    6.664045] raid6: avx2x2   gen() 11784 MB/s
[    6.716013] raid6: avx2x2   xor()  4138 MB/s
[    6.764334] raid6: avx2x4   gen() 16625 MB/s
[    6.812184] raid6: avx2x4   xor()  9331 MB/s
[    6.813440] raid6: using algorithm avx2x4 gen() 16625 MB/s
[    6.814957] raid6: .... xor() 9331 MB/s, rmw enabled
[    6.816444] raid6: using avx2x2 recovery algorithm
[    6.819372] xor: automatically using best checksumming function   avx       
[    6.822500] async_tx: api initialized (async)
done.
Begin: Running /scripts/init-premount ... done.
Begin: Mounting root file system ... Begin: Running /scripts/local-top ... done.
Begin: Running /scripts/local-premount ... [    6.898039] Btrfs loaded, crc32c=crc32c-intel
Scanning for Btrfs filesystems
done.
Warning: fsck not present, so skipping root file system
[    6.974254] EXT4-fs (sda1): mounted filesystem with ordered data mode. Opts: (null)
done.
Begin: Running /scripts/local-bottom ... done.
Begin: Running /scripts/init-bottom ... done.
[    7.869439] ip_tables: (C) 2000-2006 Netfilter Core Team
[    7.970024] systemd[1]: systemd 237 running in system mode. (+PAM +AUDIT +SELINUX +IMA +APPARMOR +SMACK +SYSVINIT +UTMP +LIBCRYPTSETUP +GCRYPT +GNUTLS +ACL +XZ +LZ4 +SECCOMP +BLKID +ELFUTILS +KMOD -IDN2 +IDN -PCRE2 default-hierarchy=hybrid)
[    7.977400] systemd[1]: Detected virtualization oracle.
[    7.979341] systemd[1]: Detected architecture x86-64.

Welcome to [1mUbuntu 18.04.4 LTS[0m!

[    8.028586] systemd[1]: Set hostname to <xubuntu-bionic-2>.
[    8.806076] random: crng init done
[    8.807395] random: 7 urandom warning(s) missed due to ratelimiting
[    9.253357] systemd[1]: Created slice System Slice.
[[0;32m  OK  [0m] Created slice System Slice.
[    9.255614] systemd[1]: Reached target System Time Synchronized.
[[0;32m  OK  [0m] Reached target System Time Synchronized.
[    9.258292] systemd[1]: Reached target User and Group Name Lookups.
[[0;32m  OK  [0m] Reached target User and Group Name Lookups.
[    9.261291] systemd[1]: Listening on LVM2 poll daemon socket.
[[0;32m  OK  [0m] Listening on LVM2 poll daemon socket.
[    9.263915] systemd[1]: Listening on udev Control Socket.
[[0;32m  OK  [0m] Listening on udev Control Socket.
[    9.266383] systemd[1]: Listening on LVM2 metadata daemon socket.
[[0;32m  OK  [0m] Listening on LVM2 metadata daemon socket.
[[0;32m  OK  [0m] Listening on Journal Socket.
         Mounting Huge Pages File System...
[[0;32m  OK  [0m] Listening on udev Kernel Socket.
[[0;32m  OK  [0m] Created slice User and Session Slice.
[[0;32m  OK  [0m] Reached target Slices.
         Starting Uncomplicated firewall...
         Starting Create list of required st…ce nodes for the current kernel...
[[0;32m  OK  [0m] Listening on /dev/initctl Compatibility Named Pipe.
[[0;32m  OK  [0m] Listening on Device-mapper event daemon FIFOs.
         Starting Set the console keyboard layout...
         Starting Remount Root and Kernel File Systems...
         Mounting POSIX Message Queue File System...
[[0;32m  OK  [0m] Listening on Syslog Socket.
[[0;32m  OK  [0m] Set up automount Arbitrary Executab…rmats File System Automount Point.
[[0;32m  OK  [0m] Created slice system-serial\x2dgetty.slice.
         Starting Load Kernel Modules...
         Starting udev Coldplug all Devices...
[[0;32m  OK  [0m] Started Forward Password Requests to Wall Directory Watch.
         Starting Monitoring of LVM2 mirrors…ng dmeventd or progress polling...
[[0;32m  OK  [0m] Listening on Journal Audit Socket.
[[0;32m  OK  [0m] Listening on Network Service Netlink Socket.
         Mounting Kernel Debug File System...
[[0;32m  OK  [0m] Listening on Journal Socket (/dev/log).
[    9.392422] EXT4-fs (sda1): re-mounted. Opts: (null)
         Starting Journal Service...
[[0;32m  OK  [0m] Reached target Swap.
[[0;32m  OK  [0m] Mounted Huge Pages File System.
[[0;32m  OK  [0m] Started Uncomplicated firewall.
[[0;32m  OK  [0m] Started Create list of required sta…vice nodes for the current kernel.
[[0;32m  OK  [0m] Started Remount Root and Kernel File Systems.
[[0;32m  OK  [0m] Mounted POSIX Message Queue File System.
[[0;32m  OK  [0m] Mounted Kernel Debug File System.
         Starting Load/Save Random Seed...
[    9.511567] Loading iSCSI transport class v2.0-870.
[    9.526215] iscsi: registered transport (tcp)
[    9.560956] iscsi: registered transport (iser)
         Starting Create Static Device Nodes in /dev...
[[0;32m  OK  [0m] Started Journal Service.
[[0;32m  OK  [0m] Started Load Kernel Modules.
[[0;32m  OK  [0m] Started udev Coldplug all Devices.
[[0;32m  OK  [0m] Started Load/Save Random Seed.
         Mounting Kernel Configuration File System...
         Mounting FUSE Control File System...
         Starting Apply Kernel Variables...
         Starting Flush Journal to Persistent Storage...
[[0;32m  OK  [0m] Mounted FUSE Control File System.
[[0;32m  OK  [0m] Mounted Kernel Configuration File System.
[    9.694171] systemd-journald[405]: Received request to flush runtime journal from PID 1
[[0;32m  OK  [0m] Started LVM2 metadata daemon.
[[0;32m  OK  [0m] Started Apply Kernel Variables.
[[0;32m  OK  [0m] Started Create Static Device Nodes in /dev.
         Starting udev Kernel Device Manager...
[[0;32m  OK  [0m] Started Set the console keyboard layout.
[[0;32m  OK  [0m] Started udev Kernel Device Manager.
[[0;32m  OK  [0m] Started Dispatch Password Requests to Console Directory Watch.
[[0;32m  OK  [0m] Reached target Local Encrypted Volumes.
[[0;32m  OK  [0m] Started Flush Journal to Persistent Storage.
[[0;32m  OK  [0m] Started Monitoring of LVM2 mirrors,…sing dmeventd or progress polling.
[[0;32m  OK  [0m] Reached target Local File Systems (Pre).
[[0;32m  OK  [0m] Reached target Local File Systems.
         Starting AppArmor initialization...
         Starting Create Volatile Files and Directories...
         Starting ebtables ruleset management...
         Starting Tell Plymouth To Write Out Runtime Data...
         Starting Set console font and keymap...
[[0;32m  OK  [0m] Started Tell Plymouth To Write Out Runtime Data.
[[0;32m  OK  [0m] Started Set console font and keymap.
[[0;32m  OK  [0m] Started Create Volatile Files and Directories.
         Starting Update UTMP about System Boot/Shutdown...
[[0;32m  OK  [0m] Started Update UTMP about System Boot/Shutdown.
[[0;32m  OK  [0m] Found device /dev/ttyS0.
[[0;32m  OK  [0m] Started ebtables ruleset management.
[[0;32m  OK  [0m] Listening on Load/Save RF Kill Switch Status /dev/rfkill Watch.
[[0;32m  OK  [0m] Started AppArmor initialization.
         Starting Load AppArmor profiles managed internally by snapd...
         Starting Initial cloud-init job (pre-networking)...
[[0;32m  OK  [0m] Started Load AppArmor profiles managed internally by snapd.
[   14.729581] cloud-init[545]: Cloud-init v. 20.2-45-g5f7825e2-0ubuntu1~18.04.1 running 'init-local' at Wed, 19 Aug 2020 05:49:58 +0000. Up 14.27 seconds.
[[0;32m  OK  [0m] Started Initial cloud-init job (pre-networking).
[[0;32m  OK  [0m] Reached target Network (Pre).
         Starting Network Service...
[[0;32m  OK  [0m] Started Network Service.
         Starting Wait for Network to be Configured...
         Starting Network Name Resolution...
[[0;32m  OK  [0m] Started Network Name Resolution.
[[0;32m  OK  [0m] Reached target Host and Network Name Lookups.
[[0;32m  OK  [0m] Reached target Network.
[[0;32m  OK  [0m] Started Wait for Network to be Configured.
         Starting Initial cloud-init job (metadata service crawler)...
[   16.902388] cloud-init[712]: Cloud-init v. 20.2-45-g5f7825e2-0ubuntu1~18.04.1 running 'init' at Wed, 19 Aug 2020 05:50:00 +0000. Up 16.62 seconds.
[   16.906088] cloud-init[712]: ci-info: ++++++++++++++++++++++++++++++++++++++Net device info++++++++++++++++++++++++++++++++++++++
[   16.907969] cloud-init[712]: ci-info: +--------+------+----------------------------+---------------+--------+-------------------+
[   16.909918] cloud-init[712]: ci-info: | Device |  Up  |          Address           |      Mask     | Scope  |     Hw-Address    |
[   16.911777] cloud-init[712]: ci-info: +--------+------+----------------------------+---------------+--------+-------------------+
[   16.913852] cloud-init[712]: ci-info: | enp0s3 | True |         10.0.2.15          | 255.255.255.0 | global | 02:28:76:2f:c2:b7 |
[   16.915935] cloud-init[712]: ci-info: | enp0s3 | True | fe80::28:76ff:fe2f:c2b7/64 |       .       |  link  | 02:28:76:2f:c2:b7 |
[   16.917822] cloud-init[712]: ci-info: |   lo   | True |         127.0.0.1          |   255.0.0.0   |  host  |         .         |
[   16.919715] cloud-init[712]: ci-info: |   lo   | True |          ::1/128           |       .       |  host  |         .         |
[   16.921634] cloud-init[712]: ci-info: +--------+------+----------------------------+---------------+--------+-------------------+
[   16.923729] cloud-init[712]: ci-info: ++++++++++++++++++++++++++++Route IPv4 info+++++++++++++++++++++++++++++
[   16.925247] cloud-init[712]: ci-info: +-------+-------------+----------+-----------------+-----------+-------+
[   16.926840] cloud-init[712]: ci-info: | Route | Destination | Gateway  |     Genmask     | Interface | Flags |
[   16.928606] cloud-init[712]: ci-info: +-------+-------------+----------+-----------------+-----------+-------+
[   16.930510] cloud-init[712]: ci-info: |   0   |   0.0.0.0   | 10.0.2.2 |     0.0.0.0     |   enp0s3  |   UG  |
[   16.932195] cloud-init[712]: ci-info: |   1   |   10.0.2.0  | 0.0.0.0  |  255.255.255.0  |   enp0s3  |   U   |
[   16.933994] cloud-init[712]: ci-info: |   2   |   10.0.2.2  | 0.0.0.0  | 255.255.255.255 |   enp0s3  |   UH  |
[   16.935664] cloud-init[712]: ci-info: +-------+-------------+----------+-----------------+-----------+-------+
[   16.937377] cloud-init[712]: ci-info: +++++++++++++++++++Route IPv6 info+++++++++++++++++++
[   16.938800] cloud-init[712]: ci-info: +-------+-------------+---------+-----------+-------+
[   16.940288] cloud-init[712]: ci-info: | Route | Destination | Gateway | Interface | Flags |
[   16.941691] cloud-init[712]: ci-info: +-------+-------------+---------+-----------+-------+
[   16.942749] cloud-init[712]: ci-info: |   1   |  fe80::/64  |    ::   |   enp0s3  |   U   |
[   16.943983] cloud-init[712]: ci-info: |   3   |    local    |    ::   |   enp0s3  |   U   |
[   16.946533] cloud-init[712]: ci-info: |   4   |   ff00::/8  |    ::   |   enp0s3  |   U   |
[   16.948037] cloud-init[712]: ci-info: +-------+-------------+---------+-----------+-------+
[[0;32m  OK  [0m] Started Initial cloud-init job (metadata service crawler).
[[0;32m  OK  [0m] Reached target System Initialization.
[[0;32m  OK  [0m] Listening on D-Bus System Message Bus Socket.
[[0;32m  OK  [0m] Listening on Open-iSCSI iscsid Socket.
[[0;32m  OK  [0m] Listening on ACPID Listen Socket.
         Starting LXD - unix socket.
[[0;32m  OK  [0m] Listening on UUID daemon activation socket.
[[0;32m  OK  [0m] Started Discard unused blocks once a week.
[[0;32m  OK  [0m] Started ACPI Events Check.
[[0;32m  OK  [0m] Reached target Paths.
[[0;32m  OK  [0m] Started Daily Cleanup of Temporary Directories.
         Starting Socket activation for snappy daemon.
[[0;32m  OK  [0m] Started Daily apt download activities.
[[0;32m  OK  [0m] Started Daily apt upgrade and clean activities.
[[0;32m  OK  [0m] Started Message of the Day.
[[0;32m  OK  [0m] Reached target Timers.
[[0;32m  OK  [0m] Reached target Cloud-config availability.
[[0;32m  OK  [0m] Reached target Network is Online.
         Starting Availability of block devices...
[[0;32m  OK  [0m] Reached target Remote File Systems (Pre).
[[0;32m  OK  [0m] Reached target Remote File Systems.
[[0;32m  OK  [0m] Listening on LXD - unix socket.
[[0;32m  OK  [0m] Listening on Socket activation for snappy daemon.
[[0;32m  OK  [0m] Reached target Sockets.
[[0;32m  OK  [0m] Reached target Basic System.
         Starting LXD - container startup/shutdown...
         Starting Permit User Sessions...
         Starting LSB: Record successful boot for GRUB...
         Starting Dispatcher daemon for systemd-networkd...
         Starting OpenBSD Secure Shell server...
         Starting LSB: automatic crash report generation...
[[0;32m  OK  [0m] Started irqbalance daemon.
[[0;32m  OK  [0m] Started FUSE filesystem for LXC.
         Starting Snap Daemon...
         Starting Login Service...
[[0;32m  OK  [0m] Started D-Bus System Message Bus.
[[0;32m  OK  [0m] Started Login Service.
[[0;32m  OK  [0m] Started Unattended Upgrades Shutdown.
         Starting Disk Manager...
[[0;32m  OK  [0m] Started Regular background program processing daemon.
         Starting Accounts Service...
         Starting Virtualbox guest utils...
[[0;32m  OK  [0m] Started Deferred execution scheduler.
         Starting System Logging Service...
[[0;32m  OK  [0m] Started Availability of block devices.
[[0;32m  OK  [0m] Started Permit User Sessions.
         Starting Hold until boot process finishes up...
         Starting Terminate Plymouth Boot Screen...
[[0;32m  OK  [0m] Started OpenBSD Secure Shell server.
[[0;32m  OK  [0m] Started Hold until boot process finishes up.
[[0;32m  OK  [0m] Started Terminate Plymouth Boot Screen.
         Starting Set console scheme...
[[0;32m  OK  [0m] Started Serial Getty on ttyS0.
[[0;32m  OK  [0m] Started Set console scheme.
[[0;32m  OK  [0m] Created slice system-getty.slice.
[[0;32m  OK  [0m] Started Getty on tty1.
[[0;32m  OK  [0m] Reached target Login Prompts.
[[0;32m  OK  [0m] Started System Logging Service.
[[0;32m  OK  [0m] Started LSB: automatic crash report generation.
[[0;32m  OK  [0m] Started LSB: Record successful boot for GRUB.
[[0;32m  OK  [0m] Started Dispatcher daemon for systemd-networkd.
[[0;32m  OK  [0m] Started LXD - container startup/shutdown.
         Starting Authorization Manager...
[[0;32m  OK  [0m] Started Virtualbox guest utils.
[[0;32m  OK  [0m] Started Authorization Manager.
[[0;32m  OK  [0m] Started Accounts Service.
[[0;32m  OK  [0m] Started Disk Manager.
[[0;32m  OK  [0m] Started Snap Daemon.
         Starting Wait until snapd is fully seeded...
[[0;32m  OK  [0m] Started Wait until snapd is fully seeded.
         Starting Apply the settings specified in cloud-config...
[[0;32m  OK  [0m] Reached target Multi-User System.
[[0;32m  OK  [0m] Reached target Graphical Interface.
         Starting Update UTMP about System Runlevel Changes...
[[0;32m  OK  [0m] Started Update UTMP about System Runlevel Changes.
[   22.386495] cloud-init[1200]: Cloud-init v. 20.2-45-g5f7825e2-0ubuntu1~18.04.1 running 'modules:config' at Wed, 19 Aug 2020 05:50:06 +0000. Up 22.14 seconds.
[[0;32m  OK  [0m] Started Apply the settings specified in cloud-config.
         Starting Execute cloud user/final scripts...
[   23.239152] cloud-init[1234]: Cloud-init v. 20.2-45-g5f7825e2-0ubuntu1~18.04.1 running 'modules:final' at Wed, 19 Aug 2020 05:50:07 +0000. Up 23.04 seconds.
[   23.240881] cloud-init[1234]: Cloud-init v. 20.2-45-g5f7825e2-0ubuntu1~18.04.1 finished at Wed, 19 Aug 2020 05:50:07 +0000. Datasource DataSourceNoCloud [seed=/dev/sdb][dsmode=net].  Up 23.22 seconds
[[0;32m  OK  [0m] Started Execute cloud user/final scripts.
[[0;32m  OK  [0m] Reached target Cloud-init target.

Ubuntu 18.04.4 LTS xubuntu-bionic-2 ttyS0

xubuntu-bionic-2 login: 